{"meta": {"format": 3, "version": "7.10.7", "timestamp": "2026-05-17T21:55:59.161794", "branch_coverage": false, "show_contexts": false}, "files": {"03-development/src/omnibot/__init__.py": {"executed_lines": [1], "summary": {"covered_lines": 0, "num_statements": 0, "percent_covered": 100.0, "percent_covered_display": "100", "missing_lines": 0, "excluded_lines": 0}, "missing_lines": [], "excluded_lines": [], "functions": {"": {"executed_lines": [1], "summary": {"covered_lines": 0, "num_statements": 0, "percent_covered": 100.0, "percent_covered_display": "100", "missing_lines": 0, "excluded_lines": 0}, "missing_lines": [], "excluded_lines": []}}, "classes": {"": {"executed_lines": [1], "summary": {"covered_lines": 0, "num_statements": 0, "percent_covered": 100.0, "percent_covered_display": "100", "missing_lines": 0, "excluded_lines": 0}, "missing_lines": [], "excluded_lines": []}}}, "03-development/src/omnibot/adapters/__init__.py": {"executed_lines": [1], "summary": {"covered_lines": 0, "num_statements": 0, "percent_covered": 100.0, "percent_covered_display": "100", "missing_lines": 0, "excluded_lines": 0}, "missing_lines": [], "excluded_lines": [], "functions": {"": {"executed_lines": [1], "summary": {"covered_lines": 0, "num_statements": 0, "percent_covered": 100.0, "percent_covered_display": "100", "missing_lines": 0, "excluded_lines": 0}, "missing_lines": [], "excluded_lines": []}}, "classes": {"": {"executed_lines": [1], "summary": {"covered_lines": 0, "num_statements": 0, "percent_covered": 100.0, "percent_covered_display": "100", "missing_lines": 0, "excluded_lines": 0}, "missing_lines": [], "excluded_lines": []}}}, "03-development/src/omnibot/adapters/line.py": {"executed_lines": [1, 6, 8, 11, 20, 25, 26, 27, 29, 30, 31, 33, 34, 35, 36, 37, 39], "summary": {"covered_lines": 16, "num_statements": 16, "percent_covered": 100.0, "percent_covered_display": "100", "missing_lines": 0, "excluded_lines": 0}, "missing_lines": [], "excluded_lines": [], "functions": {"parse_line_event": {"executed_lines": [25, 26, 27, 29, 30, 31, 33, 34, 35, 36, 37, 39], "summary": {"covered_lines": 12, "num_statements": 12, "percent_covered": 100.0, "percent_covered_display": "100", "missing_lines": 0, "excluded_lines": 0}, "missing_lines": [], "excluded_lines": []}, "": {"executed_lines": [1, 6, 8, 11, 20], "summary": {"covered_lines": 4, "num_statements": 4, "percent_covered": 100.0, "percent_covered_display": "100", "missing_lines": 0, "excluded_lines": 0}, "missing_lines": [], "excluded_lines": []}}, "classes": {"": {"executed_lines": [1, 6, 8, 11, 20, 25, 26, 27, 29, 30, 31, 33, 34, 35, 36, 37, 39], "summary": {"covered_lines": 16, "num_statements": 16, "percent_covered": 100.0, "percent_covered_display": "100", "missing_lines": 0, "excluded_lines": 0}, "missing_lines": [], "excluded_lines": []}}}, "03-development/src/omnibot/adapters/messenger.py": {"executed_lines": [1, 6, 8, 11, 16, 17, 20, 21, 24, 25, 26, 28, 29, 30, 32], "summary": {"covered_lines": 14, "num_statements": 16, "percent_covered": 87.5, "percent_covered_display": "88", "missing_lines": 2, "excluded_lines": 0}, "missing_lines": [18, 22], "excluded_lines": [], "functions": {"parse_messenger_webhook": {"executed_lines": [16, 17, 20, 21, 24, 25, 26, 28, 29, 30, 32], "summary": {"covered_lines": 11, "num_statements": 13, "percent_covered": 84.61538461538461, "percent_covered_display": "85", "missing_lines": 2, "excluded_lines": 0}, "missing_lines": [18, 22], "excluded_lines": []}, "": {"executed_lines": [1, 6, 8, 11], "summary": {"covered_lines": 3, "num_statements": 3, "percent_covered": 100.0, "percent_covered_display": "100", "missing_lines": 0, "excluded_lines": 0}, "missing_lines": [], "excluded_lines": []}}, "classes": {"": {"executed_lines": [1, 6, 8, 11, 16, 17, 20, 21, 24, 25, 26, 28, 29, 30, 32], "summary": {"covered_lines": 14, "num_statements": 16, "percent_covered": 87.5, "percent_covered_display": "88", "missing_lines": 2, "excluded_lines": 0}, "missing_lines": [18, 22], "excluded_lines": []}}}, "03-development/src/omnibot/adapters/telegram.py": {"executed_lines": [1, 6, 8, 11, 13, 14, 16, 17, 18, 22], "summary": {"covered_lines": 9, "num_statements": 9, "percent_covered": 100.0, "percent_covered_display": "100", "missing_lines": 0, "excluded_lines": 0}, "missing_lines": [], "excluded_lines": [], "functions": {"parse_telegram_update": {"executed_lines": [13, 14, 16, 17, 18, 22], "summary": {"covered_lines": 6, "num_statements": 6, "percent_covered": 100.0, "percent_covered_display": "100", "missing_lines": 0, "excluded_lines": 0}, "missing_lines": [], "excluded_lines": []}, "": {"executed_lines": [1, 6, 8, 11], "summary": {"covered_lines": 3, "num_statements": 3, "percent_covered": 100.0, "percent_covered_display": "100", "missing_lines": 0, "excluded_lines": 0}, "missing_lines": [], "excluded_lines": []}}, "classes": {"": {"executed_lines": [1, 6, 8, 11, 13, 14, 16, 17, 18, 22], "summary": {"covered_lines": 9, "num_statements": 9, "percent_covered": 100.0, "percent_covered_display": "100", "missing_lines": 0, "excluded_lines": 0}, "missing_lines": [], "excluded_lines": []}}}, "03-development/src/omnibot/adapters/whatsapp.py": {"executed_lines": [1, 6, 8, 11, 16, 17, 20, 21, 24, 26, 27, 30, 31, 32, 33, 35], "summary": {"covered_lines": 15, "num_statements": 18, "percent_covered": 83.33333333333333, "percent_covered_display": "83", "missing_lines": 3, "excluded_lines": 0}, "missing_lines": [18, 22, 28], "excluded_lines": [], "functions": {"parse_whatsapp_webhook": {"executed_lines": [16, 17, 20, 21, 24, 26, 27, 30, 31, 32, 33, 35], "summary": {"covered_lines": 12, "num_statements": 15, "percent_covered": 80.0, "percent_covered_display": "80", "missing_lines": 3, "excluded_lines": 0}, "missing_lines": [18, 22, 28], "excluded_lines": []}, "": {"executed_lines": [1, 6, 8, 11], "summary": {"covered_lines": 3, "num_statements": 3, "percent_covered": 100.0, "percent_covered_display": "100", "missing_lines": 0, "excluded_lines": 0}, "missing_lines": [], "excluded_lines": []}}, "classes": {"": {"executed_lines": [1, 6, 8, 11, 16, 17, 20, 21, 24, 26, 27, 30, 31, 32, 33, 35], "summary": {"covered_lines": 15, "num_statements": 18, "percent_covered": 83.33333333333333, "percent_covered_display": "83", "missing_lines": 3, "excluded_lines": 0}, "missing_lines": [18, 22, 28], "excluded_lines": []}}}, "03-development/src/omnibot/api/__init__.py": {"executed_lines": [1, 9, 10, 12, 14, 17, 18, 22, 23, 24, 25, 26, 29, 30, 34, 35, 36, 37, 40, 41, 47, 48, 49, 51, 52, 53, 55], "summary": {"covered_lines": 23, "num_statements": 23, "percent_covered": 100.0, "percent_covered_display": "100", "missing_lines": 0, "excluded_lines": 0}, "missing_lines": [], "excluded_lines": [], "functions": {"PaginatedResponse.has_next": {"executed_lines": [55], "summary": {"covered_lines": 1, "num_statements": 1, "percent_covered": 100.0, "percent_covered_display": "100", "missing_lines": 0, "excluded_lines": 0}, "missing_lines": [], "excluded_lines": []}, "": {"executed_lines": [1, 9, 10, 12, 14, 17, 18, 22, 23, 24, 25, 26, 29, 30, 34, 35, 36, 37, 40, 41, 47, 48, 49, 51, 52, 53], "summary": {"covered_lines": 22, "num_statements": 22, "percent_covered": 100.0, "percent_covered_display": "100", "missing_lines": 0, "excluded_lines": 0}, "missing_lines": [], "excluded_lines": []}}, "classes": {"ErrorCode": {"executed_lines": [], "summary": {"covered_lines": 0, "num_statements": 0, "percent_covered": 100.0, "percent_covered_display": "100", "missing_lines": 0, "excluded_lines": 0}, "missing_lines": [], "excluded_lines": []}, "ApiResponse": {"executed_lines": [], "summary": {"covered_lines": 0, "num_statements": 0, "percent_covered": 100.0, "percent_covered_display": "100", "missing_lines": 0, "excluded_lines": 0}, "missing_lines": [], "excluded_lines": []}, "PaginatedResponse": {"executed_lines": [55], "summary": {"covered_lines": 1, "num_statements": 1, "percent_covered": 100.0, "percent_covered_display": "100", "missing_lines": 0, "excluded_lines": 0}, "missing_lines": [], "excluded_lines": []}, "": {"executed_lines": [1, 9, 10, 12, 14, 17, 18, 22, 23, 24, 25, 26, 29, 30, 34, 35, 36, 37, 40, 41, 47, 48, 49, 51, 52, 53], "summary": {"covered_lines": 22, "num_statements": 22, "percent_covered": 100.0, "percent_covered_display": "100", "missing_lines": 0, "excluded_lines": 0}, "missing_lines": [], "excluded_lines": []}}}, "03-development/src/omnibot/app.py": {"executed_lines": [1, 10, 11, 12, 14, 15, 17, 18, 19, 20, 22, 24, 27, 28, 53, 55, 61, 62, 64, 65, 66, 69, 71, 72, 74, 75, 76, 77, 78, 81, 84, 85, 87, 88, 91, 92], "summary": {"covered_lines": 35, "num_statements": 38, "percent_covered": 92.10526315789474, "percent_covered_display": "92", "missing_lines": 3, "excluded_lines": 0}, "missing_lines": [33, 43, 97], "excluded_lines": [], "functions": {"global_exception_handler": {"executed_lines": [], "summary": {"covered_lines": 0, "num_statements": 2, "percent_covered": 0.0, "percent_covered_display": "0", "missing_lines": 2, "excluded_lines": 0}, "missing_lines": [33, 43], "excluded_lines": []}, "webhook": {"executed_lines": [64, 65, 66, 69, 71, 72, 74, 75, 76, 77, 78, 81], "summary": {"covered_lines": 12, "num_statements": 12, "percent_covered": 100.0, "percent_covered_display": "100", "missing_lines": 0, "excluded_lines": 0}, "missing_lines": [], "excluded_lines": []}, "health": {"executed_lines": [87, 88], "summary": {"covered_lines": 2, "num_statements": 2, "percent_covered": 100.0, "percent_covered_display": "100", "missing_lines": 0, "excluded_lines": 0}, "missing_lines": [], "excluded_lines": []}, "metrics": {"executed_lines": [], "summary": {"covered_lines": 0, "num_statements": 1, "percent_covered": 0.0, "percent_covered_display": "0", "missing_lines": 1, "excluded_lines": 0}, "missing_lines": [97], "excluded_lines": []}, "": {"executed_lines": [1, 10, 11, 12, 14, 15, 17, 18, 19, 20, 22, 24, 27, 28, 53, 55, 61, 62, 84, 85, 91, 92], "summary": {"covered_lines": 21, "num_statements": 21, "percent_covered": 100.0, "percent_covered_display": "100", "missing_lines": 0, "excluded_lines": 0}, "missing_lines": [], "excluded_lines": []}}, "classes": {"": {"executed_lines": [1, 10, 11, 12, 14, 15, 17, 18, 19, 20, 22, 24, 27, 28, 53, 55, 61, 62, 64, 65, 66, 69, 71, 72, 74, 75, 76, 77, 78, 81, 84, 85, 87, 88, 91, 92], "summary": {"covered_lines": 35, "num_statements": 38, "percent_covered": 92.10526315789474, "percent_covered_display": "92", "missing_lines": 3, "excluded_lines": 0}, "missing_lines": [33, 43, 97], "excluded_lines": []}}}, "03-development/src/omnibot/auth/__init__.py": {"executed_lines": [1], "summary": {"covered_lines": 0, "num_statements": 0, "percent_covered": 100.0, "percent_covered_display": "100", "missing_lines": 0, "excluded_lines": 0}, "missing_lines": [], "excluded_lines": [], "functions": {"": {"executed_lines": [1], "summary": {"covered_lines": 0, "num_statements": 0, "percent_covered": 100.0, "percent_covered_display": "100", "missing_lines": 0, "excluded_lines": 0}, "missing_lines": [], "excluded_lines": []}}, "classes": {"": {"executed_lines": [1], "summary": {"covered_lines": 0, "num_statements": 0, "percent_covered": 100.0, "percent_covered_display": "100", "missing_lines": 0, "excluded_lines": 0}, "missing_lines": [], "excluded_lines": []}}}, "03-development/src/omnibot/auth/verifier.py": {"executed_lines": [1, 6, 8, 9, 10, 11, 13, 14, 17, 22, 23, 24, 27, 29, 30, 31, 34, 40, 41, 42, 47, 48, 53, 54, 61, 65, 67, 68, 70, 73, 78, 98, 103, 104, 107, 108, 110, 111, 116, 118, 119, 124], "summary": {"covered_lines": 40, "num_statements": 43, "percent_covered": 93.02325581395348, "percent_covered_display": "93", "missing_lines": 3, "excluded_lines": 0}, "missing_lines": [63, 69, 105], "excluded_lines": [], "functions": {"verify_telegram_signature": {"executed_lines": [22, 23, 24], "summary": {"covered_lines": 3, "num_statements": 3, "percent_covered": 100.0, "percent_covered_display": "100", "missing_lines": 0, "excluded_lines": 0}, "missing_lines": [], "excluded_lines": []}, "verify_line_signature": {"executed_lines": [29, 30, 31], "summary": {"covered_lines": 3, "num_statements": 3, "percent_covered": 100.0, "percent_covered_display": "100", "missing_lines": 0, "excluded_lines": 0}, "missing_lines": [], "excluded_lines": []}, "_verify_hub_signature": {"executed_lines": [40, 41, 42], "summary": {"covered_lines": 3, "num_statements": 3, "percent_covered": 100.0, "percent_covered_display": "100", "missing_lines": 0, "excluded_lines": 0}, "missing_lines": [], "excluded_lines": []}, "PlatformVerifier.__init__": {"executed_lines": [54], "summary": {"covered_lines": 1, "num_statements": 1, "percent_covered": 100.0, "percent_covered_display": "100", "missing_lines": 0, "excluded_lines": 0}, "missing_lines": [], "excluded_lines": []}, "PlatformVerifier.register": {"executed_lines": [], "summary": {"covered_lines": 0, "num_statements": 1, "percent_covered": 0.0, "percent_covered_display": "0", "missing_lines": 1, "excluded_lines": 0}, "missing_lines": [63], "excluded_lines": []}, "PlatformVerifier.verify": {"executed_lines": [67, 68, 70], "summary": {"covered_lines": 3, "num_statements": 4, "percent_covered": 75.0, "percent_covered_display": "75", "missing_lines": 1, "excluded_lines": 0}, "missing_lines": [69], "excluded_lines": []}, "verify_signature": {"executed_lines": [103, 104, 107, 108, 110, 111, 116, 118, 119, 124], "summary": {"covered_lines": 10, "num_statements": 11, "percent_covered": 90.9090909090909, "percent_covered_display": "91", "missing_lines": 1, "excluded_lines": 0}, "missing_lines": [105], "excluded_lines": []}, "": {"executed_lines": [1, 6, 8, 9, 10, 11, 13, 14, 17, 27, 34, 47, 48, 53, 61, 65, 73, 78, 98], "summary": {"covered_lines": 17, "num_statements": 17, "percent_covered": 100.0, "percent_covered_display": "100", "missing_lines": 0, "excluded_lines": 0}, "missing_lines": [], "excluded_lines": []}}, "classes": {"PlatformVerifier": {"executed_lines": [54, 67, 68, 70], "summary": {"covered_lines": 4, "num_statements": 6, "percent_covered": 66.66666666666667, "percent_covered_display": "67", "missing_lines": 2, "excluded_lines": 0}, "missing_lines": [63, 69], "excluded_lines": []}, "": {"executed_lines": [1, 6, 8, 9, 10, 11, 13, 14, 17, 22, 23, 24, 27, 29, 30, 31, 34, 40, 41, 42, 47, 48, 53, 61, 65, 73, 78, 98, 103, 104, 107, 108, 110, 111, 116, 118, 119, 124], "summary": {"covered_lines": 36, "num_statements": 37, "percent_covered": 97.29729729729729, "percent_covered_display": "97", "missing_lines": 1, "excluded_lines": 0}, "missing_lines": [105], "excluded_lines": []}}}, "03-development/src/omnibot/dataset.py": {"executed_lines": [1, 10, 12, 13, 14, 17, 18, 19, 21, 22, 23, 24, 25, 26, 27, 30, 31, 37, 38, 40, 47, 48, 55, 57, 59, 60, 61, 68, 70, 71, 76, 78, 79, 85, 106, 111, 116, 121, 126, 131, 136, 141, 142, 150, 153, 155, 156, 157, 158, 159, 160, 161, 162, 163, 164, 165, 166, 167], "summary": {"covered_lines": 55, "num_statements": 55, "percent_covered": 100.0, "percent_covered_display": "100", "missing_lines": 0, "excluded_lines": 0}, "missing_lines": [], "excluded_lines": [], "functions": {"EdgeCaseCollector.__init__": {"executed_lines": [38], "summary": {"covered_lines": 1, "num_statements": 1, "percent_covered": 100.0, "percent_covered_display": "100", "missing_lines": 0, "excluded_lines": 0}, "missing_lines": [], "excluded_lines": []}, "EdgeCaseCollector.ingest": {"executed_lines": [47, 48, 55], "summary": {"covered_lines": 3, "num_statements": 3, "percent_covered": 100.0, "percent_covered_display": "100", "missing_lines": 0, "excluded_lines": 0}, "missing_lines": [], "excluded_lines": []}, "EdgeCaseCollector.approve": {"executed_lines": [59, 60, 61], "summary": {"covered_lines": 3, "num_statements": 3, "percent_covered": 100.0, "percent_covered_display": "100", "missing_lines": 0, "excluded_lines": 0}, "missing_lines": [], "excluded_lines": []}, "EdgeCaseCollector.mark_for_regression": {"executed_lines": [70, 71], "summary": {"covered_lines": 2, "num_statements": 2, "percent_covered": 100.0, "percent_covered_display": "100", "missing_lines": 0, "excluded_lines": 0}, "missing_lines": [], "excluded_lines": []}, "EdgeCaseCollector.get_regression_set": {"executed_lines": [78, 79, 85], "summary": {"covered_lines": 3, "num_statements": 3, "percent_covered": 100.0, "percent_covered_display": "100", "missing_lines": 0, "excluded_lines": 0}, "missing_lines": [], "excluded_lines": []}, "get_category": {"executed_lines": [155, 156, 157, 158, 159, 160, 161, 162, 163, 164, 165, 166, 167], "summary": {"covered_lines": 13, "num_statements": 13, "percent_covered": 100.0, "percent_covered_display": "100", "missing_lines": 0, "excluded_lines": 0}, "missing_lines": [], "excluded_lines": []}, "": {"executed_lines": [1, 10, 12, 13, 14, 17, 18, 19, 21, 22, 23, 24, 25, 26, 27, 30, 31, 37, 40, 57, 68, 76, 106, 111, 116, 121, 126, 131, 136, 141, 142, 150, 153], "summary": {"covered_lines": 30, "num_statements": 30, "percent_covered": 100.0, "percent_covered_display": "100", "missing_lines": 0, "excluded_lines": 0}, "missing_lines": [], "excluded_lines": []}}, "classes": {"EdgeCase": {"executed_lines": [], "summary": {"covered_lines": 0, "num_statements": 0, "percent_covered": 100.0, "percent_covered_display": "100", "missing_lines": 0, "excluded_lines": 0}, "missing_lines": [], "excluded_lines": []}, "EdgeCaseCollector": {"executed_lines": [38, 47, 48, 55, 59, 60, 61, 70, 71, 78, 79, 85], "summary": {"covered_lines": 12, "num_statements": 12, "percent_covered": 100.0, "percent_covered_display": "100", "missing_lines": 0, "excluded_lines": 0}, "missing_lines": [], "excluded_lines": []}, "": {"executed_lines": [1, 10, 12, 13, 14, 17, 18, 19, 21, 22, 23, 24, 25, 26, 27, 30, 31, 37, 40, 57, 68, 76, 106, 111, 116, 121, 126, 131, 136, 141, 142, 150, 153, 155, 156, 157, 158, 159, 160, 161, 162, 163, 164, 165, 166, 167], "summary": {"covered_lines": 43, "num_statements": 43, "percent_covered": 100.0, "percent_covered_display": "100", "missing_lines": 0, "excluded_lines": 0}, "missing_lines": [], "excluded_lines": []}}}, "03-development/src/omnibot/defense.py": {"executed_lines": [1, 6, 8, 9, 10, 11, 14, 27, 31, 37, 38, 39, 47, 48, 49, 52, 53, 55, 61, 63, 64, 65, 66, 72, 74, 92, 102], "summary": {"covered_lines": 24, "num_statements": 24, "percent_covered": 100.0, "percent_covered_display": "100", "missing_lines": 0, "excluded_lines": 1}, "missing_lines": [], "excluded_lines": [80], "functions": {"PromptInjectionDefense.check_input": {"executed_lines": [61, 63, 64, 65, 66, 72], "summary": {"covered_lines": 6, "num_statements": 6, "percent_covered": 100.0, "percent_covered_display": "100", "missing_lines": 0, "excluded_lines": 0}, "missing_lines": [], "excluded_lines": []}, "PromptInjectionDefense.build_sandwich_prompt": {"executed_lines": [92, 102], "summary": {"covered_lines": 2, "num_statements": 2, "percent_covered": 100.0, "percent_covered_display": "100", "missing_lines": 0, "excluded_lines": 1}, "missing_lines": [], "excluded_lines": [80]}, "": {"executed_lines": [1, 6, 8, 9, 10, 11, 14, 27, 31, 37, 38, 39, 47, 48, 49, 52, 53, 55, 74], "summary": {"covered_lines": 16, "num_statements": 16, "percent_covered": 100.0, "percent_covered_display": "100", "missing_lines": 0, "excluded_lines": 0}, "missing_lines": [], "excluded_lines": []}}, "classes": {"SecurityCheckResult": {"executed_lines": [], "summary": {"covered_lines": 0, "num_statements": 0, "percent_covered": 100.0, "percent_covered_display": "100", "missing_lines": 0, "excluded_lines": 0}, "missing_lines": [], "excluded_lines": []}, "PromptInjectionDefense": {"executed_lines": [61, 63, 64, 65, 66, 72, 92, 102], "summary": {"covered_lines": 8, "num_statements": 8, "percent_covered": 100.0, "percent_covered_display": "100", "missing_lines": 0, "excluded_lines": 1}, "missing_lines": [], "excluded_lines": [80]}, "": {"executed_lines": [1, 6, 8, 9, 10, 11, 14, 27, 31, 37, 38, 39, 47, 48, 49, 52, 53, 55, 74], "summary": {"covered_lines": 16, "num_statements": 16, "percent_covered": 100.0, "percent_covered_display": "100", "missing_lines": 0, "excluded_lines": 0}, "missing_lines": [], "excluded_lines": []}}}, "03-development/src/omnibot/dst.py": {"executed_lines": [1, 9, 11, 12, 13, 14, 17, 18, 19, 20, 21, 22, 23, 24, 27, 28, 29, 30, 31, 32, 35, 49, 50, 51, 52, 53, 54, 55, 56, 57, 59, 60, 61, 64, 74, 75], "summary": {"covered_lines": 35, "num_statements": 35, "percent_covered": 100.0, "percent_covered_display": "100", "missing_lines": 0, "excluded_lines": 0}, "missing_lines": [], "excluded_lines": [], "functions": {"DialogueState.transition": {"executed_lines": [60, 61, 64], "summary": {"covered_lines": 3, "num_statements": 3, "percent_covered": 100.0, "percent_covered_display": "100", "missing_lines": 0, "excluded_lines": 0}, "missing_lines": [], "excluded_lines": []}, "DialogueState.missing_slots": {"executed_lines": [75], "summary": {"covered_lines": 1, "num_statements": 1, "percent_covered": 100.0, "percent_covered_display": "100", "missing_lines": 0, "excluded_lines": 0}, "missing_lines": [], "excluded_lines": []}, "": {"executed_lines": [1, 9, 11, 12, 13, 14, 17, 18, 19, 20, 21, 22, 23, 24, 27, 28, 29, 30, 31, 32, 35, 49, 50, 51, 52, 53, 54, 55, 56, 57, 59, 74], "summary": {"covered_lines": 31, "num_statements": 31, "percent_covered": 100.0, "percent_covered_display": "100", "missing_lines": 0, "excluded_lines": 0}, "missing_lines": [], "excluded_lines": []}}, "classes": {"ConversationState": {"executed_lines": [], "summary": {"covered_lines": 0, "num_statements": 0, "percent_covered": 100.0, "percent_covered_display": "100", "missing_lines": 0, "excluded_lines": 0}, "missing_lines": [], "excluded_lines": []}, "DialogueSlot": {"executed_lines": [], "summary": {"covered_lines": 0, "num_statements": 0, "percent_covered": 100.0, "percent_covered_display": "100", "missing_lines": 0, "excluded_lines": 0}, "missing_lines": [], "excluded_lines": []}, "DialogueState": {"executed_lines": [60, 61, 64, 75], "summary": {"covered_lines": 4, "num_statements": 4, "percent_covered": 100.0, "percent_covered_display": "100", "missing_lines": 0, "excluded_lines": 0}, "missing_lines": [], "excluded_lines": []}, "": {"executed_lines": [1, 9, 11, 12, 13, 14, 17, 18, 19, 20, 21, 22, 23, 24, 27, 28, 29, 30, 31, 32, 35, 49, 50, 51, 52, 53, 54, 55, 56, 57, 59, 74], "summary": {"covered_lines": 31, "num_statements": 31, "percent_covered": 100.0, "percent_covered_display": "100", "missing_lines": 0, "excluded_lines": 0}, "missing_lines": [], "excluded_lines": []}}}, "03-development/src/omnibot/emotion.py": {"executed_lines": [1, 9, 11, 12, 13, 14, 17, 18, 19, 20, 23, 24, 25, 26, 27, 30, 31, 32, 33, 35, 36, 38, 39, 40, 41, 42, 43, 44, 45, 46, 47, 48, 49, 50, 51, 52, 54, 56, 57, 58, 59, 60, 62, 63, 65, 66], "summary": {"covered_lines": 45, "num_statements": 46, "percent_covered": 97.82608695652173, "percent_covered_display": "98", "missing_lines": 1, "excluded_lines": 0}, "missing_lines": [53], "excluded_lines": [], "functions": {"EmotionTracker.__init__": {"executed_lines": [32, 33], "summary": {"covered_lines": 2, "num_statements": 2, "percent_covered": 100.0, "percent_covered_display": "100", "missing_lines": 0, "excluded_lines": 0}, "missing_lines": [], "excluded_lines": []}, "EmotionTracker.add": {"executed_lines": [36], "summary": {"covered_lines": 1, "num_statements": 1, "percent_covered": 100.0, "percent_covered_display": "100", "missing_lines": 0, "excluded_lines": 0}, "missing_lines": [], "excluded_lines": []}, "EmotionTracker.current_weighted_score": {"executed_lines": [39, 40, 41, 42, 43, 44, 45, 46, 47, 48, 49, 50, 51, 52, 54], "summary": {"covered_lines": 15, "num_statements": 16, "percent_covered": 93.75, "percent_covered_display": "94", "missing_lines": 1, "excluded_lines": 0}, "missing_lines": [53], "excluded_lines": []}, "EmotionTracker.consecutive_negative_count": {"executed_lines": [57, 58, 59, 60, 62, 63], "summary": {"covered_lines": 6, "num_statements": 6, "percent_covered": 100.0, "percent_covered_display": "100", "missing_lines": 0, "excluded_lines": 0}, "missing_lines": [], "excluded_lines": []}, "EmotionTracker.should_escalate": {"executed_lines": [66], "summary": {"covered_lines": 1, "num_statements": 1, "percent_covered": 100.0, "percent_covered_display": "100", "missing_lines": 0, "excluded_lines": 0}, "missing_lines": [], "excluded_lines": []}, "": {"executed_lines": [1, 9, 11, 12, 13, 14, 17, 18, 19, 20, 23, 24, 25, 26, 27, 30, 31, 35, 38, 56, 65], "summary": {"covered_lines": 20, "num_statements": 20, "percent_covered": 100.0, "percent_covered_display": "100", "missing_lines": 0, "excluded_lines": 0}, "missing_lines": [], "excluded_lines": []}}, "classes": {"EmotionCategory": {"executed_lines": [], "summary": {"covered_lines": 0, "num_statements": 0, "percent_covered": 100.0, "percent_covered_display": "100", "missing_lines": 0, "excluded_lines": 0}, "missing_lines": [], "excluded_lines": []}, "EmotionScore": {"executed_lines": [], "summary": {"covered_lines": 0, "num_statements": 0, "percent_covered": 100.0, "percent_covered_display": "100", "missing_lines": 0, "excluded_lines": 0}, "missing_lines": [], "excluded_lines": []}, "EmotionTracker": {"executed_lines": [32, 33, 36, 39, 40, 41, 42, 43, 44, 45, 46, 47, 48, 49, 50, 51, 52, 54, 57, 58, 59, 60, 62, 63, 66], "summary": {"covered_lines": 25, "num_statements": 26, "percent_covered": 96.15384615384616, "percent_covered_display": "96", "missing_lines": 1, "excluded_lines": 0}, "missing_lines": [53], "excluded_lines": []}, "": {"executed_lines": [1, 9, 11, 12, 13, 14, 17, 18, 19, 20, 23, 24, 25, 26, 27, 30, 31, 35, 38, 56, 65], "summary": {"covered_lines": 20, "num_statements": 20, "percent_covered": 100.0, "percent_covered_display": "100", "missing_lines": 0, "excluded_lines": 0}, "missing_lines": [], "excluded_lines": []}}}, "03-development/src/omnibot/escalation/__init__.py": {"executed_lines": [1, 9, 10, 11, 14, 15, 16, 20, 21, 22, 23, 24, 25, 26, 27, 30, 31, 36, 38, 39, 41, 43, 49, 50, 51, 52, 54, 56, 57, 58, 59, 60, 62, 64, 65, 66, 67, 69, 71], "summary": {"covered_lines": 36, "num_statements": 36, "percent_covered": 100.0, "percent_covered_display": "100", "missing_lines": 0, "excluded_lines": 0}, "missing_lines": [], "excluded_lines": [], "functions": {"EscalationManager.__init__": {"executed_lines": [38, 39], "summary": {"covered_lines": 2, "num_statements": 2, "percent_covered": 100.0, "percent_covered_display": "100", "missing_lines": 0, "excluded_lines": 0}, "missing_lines": [], "excluded_lines": []}, "EscalationManager.create": {"executed_lines": [43, 49, 50, 51, 52], "summary": {"covered_lines": 5, "num_statements": 5, "percent_covered": 100.0, "percent_covered_display": "100", "missing_lines": 0, "excluded_lines": 0}, "missing_lines": [], "excluded_lines": []}, "EscalationManager.assign": {"executed_lines": [56, 57, 58, 59, 60], "summary": {"covered_lines": 5, "num_statements": 5, "percent_covered": 100.0, "percent_covered_display": "100", "missing_lines": 0, "excluded_lines": 0}, "missing_lines": [], "excluded_lines": []}, "EscalationManager.resolve": {"executed_lines": [64, 65, 66, 67], "summary": {"covered_lines": 4, "num_statements": 4, "percent_covered": 100.0, "percent_covered_display": "100", "missing_lines": 0, "excluded_lines": 0}, "missing_lines": [], "excluded_lines": []}, "EscalationManager.get": {"executed_lines": [71], "summary": {"covered_lines": 1, "num_statements": 1, "percent_covered": 100.0, "percent_covered_display": "100", "missing_lines": 0, "excluded_lines": 0}, "missing_lines": [], "excluded_lines": []}, "": {"executed_lines": [1, 9, 10, 11, 14, 15, 16, 20, 21, 22, 23, 24, 25, 26, 27, 30, 31, 36, 41, 54, 62, 69], "summary": {"covered_lines": 19, "num_statements": 19, "percent_covered": 100.0, "percent_covered_display": "100", "missing_lines": 0, "excluded_lines": 0}, "missing_lines": [], "excluded_lines": []}}, "classes": {"EscalationRecord": {"executed_lines": [], "summary": {"covered_lines": 0, "num_statements": 0, "percent_covered": 100.0, "percent_covered_display": "100", "missing_lines": 0, "excluded_lines": 0}, "missing_lines": [], "excluded_lines": []}, "EscalationManager": {"executed_lines": [38, 39, 43, 49, 50, 51, 52, 56, 57, 58, 59, 60, 64, 65, 66, 67, 71], "summary": {"covered_lines": 17, "num_statements": 17, "percent_covered": 100.0, "percent_covered_display": "100", "missing_lines": 0, "excluded_lines": 0}, "missing_lines": [], "excluded_lines": []}, "": {"executed_lines": [1, 9, 10, 11, 14, 15, 16, 20, 21, 22, 23, 24, 25, 26, 27, 30, 31, 36, 41, 54, 62, 69], "summary": {"covered_lines": 19, "num_statements": 19, "percent_covered": 100.0, "percent_covered_display": "100", "missing_lines": 0, "excluded_lines": 0}, "missing_lines": [], "excluded_lines": []}}}, "03-development/src/omnibot/escalation/v2.py": {"executed_lines": [1, 10, 12, 13, 14, 15, 16, 18, 22, 27, 28, 33, 34, 35, 38, 39, 40, 45, 46, 47, 52, 53, 61, 66, 68, 76, 77, 82, 83, 85, 86, 97, 98, 106, 108, 115, 116, 125, 126, 128, 130, 137, 138, 146, 147, 149, 151, 159, 160, 170], "summary": {"covered_lines": 46, "num_statements": 46, "percent_covered": 100.0, "percent_covered_display": "100", "missing_lines": 0, "excluded_lines": 0}, "missing_lines": [], "excluded_lines": [], "functions": {"EscalationManagerV2.__init__": {"executed_lines": [66], "summary": {"covered_lines": 1, "num_statements": 1, "percent_covered": 100.0, "percent_covered_display": "100", "missing_lines": 0, "excluded_lines": 0}, "missing_lines": [], "excluded_lines": []}, "EscalationManagerV2.create": {"executed_lines": [76, 77, 82, 83, 85, 86, 97, 98, 106], "summary": {"covered_lines": 9, "num_statements": 9, "percent_covered": 100.0, "percent_covered_display": "100", "missing_lines": 0, "excluded_lines": 0}, "missing_lines": [], "excluded_lines": []}, "EscalationManagerV2.assign": {"executed_lines": [115, 116, 125, 126, 128], "summary": {"covered_lines": 5, "num_statements": 5, "percent_covered": 100.0, "percent_covered_display": "100", "missing_lines": 0, "excluded_lines": 0}, "missing_lines": [], "excluded_lines": []}, "EscalationManagerV2.resolve": {"executed_lines": [137, 138, 146, 147, 149], "summary": {"covered_lines": 5, "num_statements": 5, "percent_covered": 100.0, "percent_covered_display": "100", "missing_lines": 0, "excluded_lines": 0}, "missing_lines": [], "excluded_lines": []}, "EscalationManagerV2.get_sla_breaches": {"executed_lines": [159, 160, 170], "summary": {"covered_lines": 3, "num_statements": 3, "percent_covered": 100.0, "percent_covered_display": "100", "missing_lines": 0, "excluded_lines": 0}, "missing_lines": [], "excluded_lines": []}, "": {"executed_lines": [1, 10, 12, 13, 14, 15, 16, 18, 22, 27, 28, 33, 34, 35, 38, 39, 40, 45, 46, 47, 52, 53, 61, 68, 108, 130, 151], "summary": {"covered_lines": 23, "num_statements": 23, "percent_covered": 100.0, "percent_covered_display": "100", "missing_lines": 0, "excluded_lines": 0}, "missing_lines": [], "excluded_lines": []}}, "classes": {"EscalationReason": {"executed_lines": [], "summary": {"covered_lines": 0, "num_statements": 0, "percent_covered": 100.0, "percent_covered_display": "100", "missing_lines": 0, "excluded_lines": 0}, "missing_lines": [], "excluded_lines": []}, "EscalationRequest": {"executed_lines": [], "summary": {"covered_lines": 0, "num_statements": 0, "percent_covered": 100.0, "percent_covered_display": "100", "missing_lines": 0, "excluded_lines": 0}, "missing_lines": [], "excluded_lines": []}, "EscalationManagerV2": {"executed_lines": [66, 76, 77, 82, 83, 85, 86, 97, 98, 106, 115, 116, 125, 126, 128, 137, 138, 146, 147, 149, 159, 160, 170], "summary": {"covered_lines": 23, "num_statements": 23, "percent_covered": 100.0, "percent_covered_display": "100", "missing_lines": 0, "excluded_lines": 0}, "missing_lines": [], "excluded_lines": []}, "": {"executed_lines": [1, 10, 12, 13, 14, 15, 16, 18, 22, 27, 28, 33, 34, 35, 38, 39, 40, 45, 46, 47, 52, 53, 61, 68, 108, 130, 151], "summary": {"covered_lines": 23, "num_statements": 23, "percent_covered": 100.0, "percent_covered_display": "100", "missing_lines": 0, "excluded_lines": 0}, "missing_lines": [], "excluded_lines": []}}}, "03-development/src/omnibot/grounding.py": {"executed_lines": [1, 6, 8, 9, 10, 13, 15, 17, 18, 19, 20, 21, 22, 25, 33, 34, 35, 44, 45, 46, 47, 50, 51, 57, 62, 63, 65, 76, 77, 84, 85, 86, 88, 89, 90, 91, 92, 93, 95, 96, 97], "summary": {"covered_lines": 38, "num_statements": 42, "percent_covered": 90.47619047619048, "percent_covered_display": "90", "missing_lines": 4, "excluded_lines": 0}, "missing_lines": [16, 27, 29, 30], "excluded_lines": [], "functions": {"_cosine_similarity": {"executed_lines": [15, 17, 18, 19, 20, 21, 22], "summary": {"covered_lines": 7, "num_statements": 8, "percent_covered": 87.5, "percent_covered_display": "88", "missing_lines": 1, "excluded_lines": 0}, "missing_lines": [16], "excluded_lines": []}, "_default_embedding_fn": {"executed_lines": [], "summary": {"covered_lines": 0, "num_statements": 3, "percent_covered": 0.0, "percent_covered_display": "0", "missing_lines": 3, "excluded_lines": 0}, "missing_lines": [27, 29, 30], "excluded_lines": []}, "GroundingChecker.__init__": {"executed_lines": [62, 63], "summary": {"covered_lines": 2, "num_statements": 2, "percent_covered": 100.0, "percent_covered_display": "100", "missing_lines": 0, "excluded_lines": 0}, "missing_lines": [], "excluded_lines": []}, "GroundingChecker.check": {"executed_lines": [76, 77, 84, 85, 86, 88, 89, 90, 91, 92, 93, 95, 96, 97], "summary": {"covered_lines": 14, "num_statements": 14, "percent_covered": 100.0, "percent_covered_display": "100", "missing_lines": 0, "excluded_lines": 0}, "missing_lines": [], "excluded_lines": []}, "": {"executed_lines": [1, 6, 8, 9, 10, 13, 25, 33, 34, 35, 44, 45, 46, 47, 50, 51, 57, 65], "summary": {"covered_lines": 15, "num_statements": 15, "percent_covered": 100.0, "percent_covered_display": "100", "missing_lines": 0, "excluded_lines": 0}, "missing_lines": [], "excluded_lines": []}}, "classes": {"GroundingResult": {"executed_lines": [], "summary": {"covered_lines": 0, "num_statements": 0, "percent_covered": 100.0, "percent_covered_display": "100", "missing_lines": 0, "excluded_lines": 0}, "missing_lines": [], "excluded_lines": []}, "GroundingChecker": {"executed_lines": [62, 63, 76, 77, 84, 85, 86, 88, 89, 90, 91, 92, 93, 95, 96, 97], "summary": {"covered_lines": 16, "num_statements": 16, "percent_covered": 100.0, "percent_covered_display": "100", "missing_lines": 0, "excluded_lines": 0}, "missing_lines": [], "excluded_lines": []}, "": {"executed_lines": [1, 6, 8, 9, 10, 13, 15, 17, 18, 19, 20, 21, 22, 25, 33, 34, 35, 44, 45, 46, 47, 50, 51, 57, 65], "summary": {"covered_lines": 22, "num_statements": 26, "percent_covered": 84.61538461538461, "percent_covered_display": "85", "missing_lines": 4, "excluded_lines": 0}, "missing_lines": [16, 27, 29, 30], "excluded_lines": []}}}, "03-development/src/omnibot/health/__init__.py": {"executed_lines": [1, 9, 10, 11, 14, 15, 19, 20, 21, 24, 25, 33, 38, 39, 40, 42, 44, 45, 47, 48, 49, 50, 52, 54], "summary": {"covered_lines": 21, "num_statements": 21, "percent_covered": 100.0, "percent_covered_display": "100", "missing_lines": 0, "excluded_lines": 0}, "missing_lines": [], "excluded_lines": [], "functions": {"HealthCheckService.__init__": {"executed_lines": [38, 39, 40], "summary": {"covered_lines": 3, "num_statements": 3, "percent_covered": 100.0, "percent_covered_display": "100", "missing_lines": 0, "excluded_lines": 0}, "missing_lines": [], "excluded_lines": []}, "HealthCheckService.check": {"executed_lines": [44, 45, 47, 48, 49, 50, 52, 54], "summary": {"covered_lines": 8, "num_statements": 8, "percent_covered": 100.0, "percent_covered_display": "100", "missing_lines": 0, "excluded_lines": 0}, "missing_lines": [], "excluded_lines": []}, "": {"executed_lines": [1, 9, 10, 11, 14, 15, 19, 20, 21, 24, 25, 33, 42], "summary": {"covered_lines": 10, "num_statements": 10, "percent_covered": 100.0, "percent_covered_display": "100", "missing_lines": 0, "excluded_lines": 0}, "missing_lines": [], "excluded_lines": []}}, "classes": {"HealthStatus": {"executed_lines": [], "summary": {"covered_lines": 0, "num_statements": 0, "percent_covered": 100.0, "percent_covered_display": "100", "missing_lines": 0, "excluded_lines": 0}, "missing_lines": [], "excluded_lines": []}, "HealthCheckService": {"executed_lines": [38, 39, 40, 44, 45, 47, 48, 49, 50, 52, 54], "summary": {"covered_lines": 11, "num_statements": 11, "percent_covered": 100.0, "percent_covered_display": "100", "missing_lines": 0, "excluded_lines": 0}, "missing_lines": [], "excluded_lines": []}, "": {"executed_lines": [1, 9, 10, 11, 14, 15, 19, 20, 21, 24, 25, 33, 42], "summary": {"covered_lines": 10, "num_statements": 10, "percent_covered": 100.0, "percent_covered_display": "100", "missing_lines": 0, "excluded_lines": 0}, "missing_lines": [], "excluded_lines": []}}}, "03-development/src/omnibot/knowledge/__init__.py": {"executed_lines": [1, 9, 10, 12, 15, 16, 17, 21, 22, 23, 24, 27, 28, 34, 35, 37, 39, 41, 43, 44, 46, 47, 48, 49, 50, 51, 52, 54, 55, 56, 58, 67, 68, 69, 70, 73, 75], "summary": {"covered_lines": 34, "num_statements": 34, "percent_covered": 100.0, "percent_covered_display": "100", "missing_lines": 0, "excluded_lines": 0}, "missing_lines": [], "excluded_lines": [], "functions": {"KnowledgeBase.__init__": {"executed_lines": [35], "summary": {"covered_lines": 1, "num_statements": 1, "percent_covered": 100.0, "percent_covered_display": "100", "missing_lines": 0, "excluded_lines": 0}, "missing_lines": [], "excluded_lines": []}, "KnowledgeBase.add_rule": {"executed_lines": [39], "summary": {"covered_lines": 1, "num_statements": 1, "percent_covered": 100.0, "percent_covered_display": "100", "missing_lines": 0, "excluded_lines": 0}, "missing_lines": [], "excluded_lines": []}, "KnowledgeBase.query": {"executed_lines": [43, 44, 46, 47, 48, 49, 50, 51, 52, 54, 55, 56, 58], "summary": {"covered_lines": 13, "num_statements": 13, "percent_covered": 100.0, "percent_covered_display": "100", "missing_lines": 0, "excluded_lines": 0}, "missing_lines": [], "excluded_lines": []}, "query_knowledge": {"executed_lines": [75], "summary": {"covered_lines": 1, "num_statements": 1, "percent_covered": 100.0, "percent_covered_display": "100", "missing_lines": 0, "excluded_lines": 0}, "missing_lines": [], "excluded_lines": []}, "": {"executed_lines": [1, 9, 10, 12, 15, 16, 17, 21, 22, 23, 24, 27, 28, 34, 37, 41, 67, 68, 69, 70, 73], "summary": {"covered_lines": 18, "num_statements": 18, "percent_covered": 100.0, "percent_covered_display": "100", "missing_lines": 0, "excluded_lines": 0}, "missing_lines": [], "excluded_lines": []}}, "classes": {"QueryResult": {"executed_lines": [], "summary": {"covered_lines": 0, "num_statements": 0, "percent_covered": 100.0, "percent_covered_display": "100", "missing_lines": 0, "excluded_lines": 0}, "missing_lines": [], "excluded_lines": []}, "KnowledgeBase": {"executed_lines": [35, 39, 43, 44, 46, 47, 48, 49, 50, 51, 52, 54, 55, 56, 58], "summary": {"covered_lines": 15, "num_statements": 15, "percent_covered": 100.0, "percent_covered_display": "100", "missing_lines": 0, "excluded_lines": 0}, "missing_lines": [], "excluded_lines": []}, "": {"executed_lines": [1, 9, 10, 12, 15, 16, 17, 21, 22, 23, 24, 27, 28, 34, 37, 41, 67, 68, 69, 70, 73, 75], "summary": {"covered_lines": 19, "num_statements": 19, "percent_covered": 100.0, "percent_covered_display": "100", "missing_lines": 0, "excluded_lines": 0}, "missing_lines": [], "excluded_lines": []}}}, "03-development/src/omnibot/knowledge/v2.py": {"executed_lines": [1, 12, 14, 15, 16, 17, 19, 22, 23, 24, 29, 30, 31, 32, 33, 36, 47, 48, 50, 51, 52, 53, 54, 55, 57, 58, 60, 61, 62, 65, 69, 77, 80, 81, 90, 98, 99, 100, 101, 102, 104, 111, 112, 113, 117, 120, 123, 124, 125, 126, 130, 136, 137, 138, 141, 142, 144, 151, 152, 153, 162, 163, 164, 166, 167, 168, 169, 170, 171, 179, 180, 182, 189, 190, 191, 192, 193, 194, 195, 197, 205, 206, 207, 208, 209, 211, 212, 213, 224, 225, 226, 228, 229, 230, 231, 239, 241, 258, 259, 260, 263, 272, 273, 277, 280, 284, 291, 292, 296, 297, 298, 299, 300, 301, 303, 304, 305, 308, 309, 310, 311, 312, 313, 317, 322, 330, 335], "summary": {"covered_lines": 124, "num_statements": 127, "percent_covered": 97.63779527559055, "percent_covered_display": "98", "missing_lines": 3, "excluded_lines": 0}, "missing_lines": [318, 319, 320], "excluded_lines": [], "functions": {"_reciprocal_rank_fusion": {"executed_lines": [47, 48, 50, 51, 52, 53, 54, 55, 57, 58, 60, 61, 62, 65, 69, 77], "summary": {"covered_lines": 16, "num_statements": 16, "percent_covered": 100.0, "percent_covered_display": "100", "missing_lines": 0, "excluded_lines": 0}, "missing_lines": [], "excluded_lines": []}, "HybridKnowledgeV2.__init__": {"executed_lines": [98, 99, 100, 101, 102], "summary": {"covered_lines": 5, "num_statements": 5, "percent_covered": 100.0, "percent_covered_display": "100", "missing_lines": 0, "excluded_lines": 0}, "missing_lines": [], "excluded_lines": []}, "HybridKnowledgeV2.query": {"executed_lines": [111, 112, 113, 117, 120, 123, 124, 125, 126, 130, 136, 137, 138, 141, 142], "summary": {"covered_lines": 15, "num_statements": 15, "percent_covered": 100.0, "percent_covered_display": "100", "missing_lines": 0, "excluded_lines": 0}, "missing_lines": [], "excluded_lines": []}, "HybridKnowledgeV2._rule_match": {"executed_lines": [151, 152, 153, 162, 163, 164, 166, 167, 168, 169, 170, 171, 179, 180], "summary": {"covered_lines": 14, "num_statements": 14, "percent_covered": 100.0, "percent_covered_display": "100", "missing_lines": 0, "excluded_lines": 0}, "missing_lines": [], "excluded_lines": []}, "HybridKnowledgeV2._compute_l1_confidence": {"executed_lines": [189, 190, 191, 192, 193, 194, 195], "summary": {"covered_lines": 7, "num_statements": 7, "percent_covered": 100.0, "percent_covered_display": "100", "missing_lines": 0, "excluded_lines": 0}, "missing_lines": [], "excluded_lines": []}, "HybridKnowledgeV2._rag_search": {"executed_lines": [205, 206, 207, 208, 209, 211, 212, 213, 224, 225, 226, 228, 229, 230, 231, 239], "summary": {"covered_lines": 16, "num_statements": 16, "percent_covered": 100.0, "percent_covered_display": "100", "missing_lines": 0, "excluded_lines": 0}, "missing_lines": [], "excluded_lines": []}, "HybridKnowledgeV2._llm_generate": {"executed_lines": [258, 259, 260, 263, 272, 273, 277, 280, 284, 291, 292, 296, 297, 298, 299, 300, 301, 303, 304, 305, 308, 309, 310, 311, 312, 313, 317, 322], "summary": {"covered_lines": 28, "num_statements": 31, "percent_covered": 90.3225806451613, "percent_covered_display": "90", "missing_lines": 3, "excluded_lines": 0}, "missing_lines": [318, 319, 320], "excluded_lines": []}, "HybridKnowledgeV2._escalate": {"executed_lines": [335], "summary": {"covered_lines": 1, "num_statements": 1, "percent_covered": 100.0, "percent_covered_display": "100", "missing_lines": 0, "excluded_lines": 0}, "missing_lines": [], "excluded_lines": []}, "": {"executed_lines": [1, 12, 14, 15, 16, 17, 19, 22, 23, 24, 29, 30, 31, 32, 33, 36, 80, 81, 90, 104, 144, 182, 197, 241, 330], "summary": {"covered_lines": 22, "num_statements": 22, "percent_covered": 100.0, "percent_covered_display": "100", "missing_lines": 0, "excluded_lines": 0}, "missing_lines": [], "excluded_lines": []}}, "classes": {"KnowledgeResult": {"executed_lines": [], "summary": {"covered_lines": 0, "num_statements": 0, "percent_covered": 100.0, "percent_covered_display": "100", "missing_lines": 0, "excluded_lines": 0}, "missing_lines": [], "excluded_lines": []}, "HybridKnowledgeV2": {"executed_lines": [98, 99, 100, 101, 102, 111, 112, 113, 117, 120, 123, 124, 125, 126, 130, 136, 137, 138, 141, 142, 151, 152, 153, 162, 163, 164, 166, 167, 168, 169, 170, 171, 179, 180, 189, 190, 191, 192, 193, 194, 195, 205, 206, 207, 208, 209, 211, 212, 213, 224, 225, 226, 228, 229, 230, 231, 239, 258, 259, 260, 263, 272, 273, 277, 280, 284, 291, 292, 296, 297, 298, 299, 300, 301, 303, 304, 305, 308, 309, 310, 311, 312, 313, 317, 322, 335], "summary": {"covered_lines": 86, "num_statements": 89, "percent_covered": 96.62921348314607, "percent_covered_display": "97", "missing_lines": 3, "excluded_lines": 0}, "missing_lines": [318, 319, 320], "excluded_lines": []}, "": {"executed_lines": [1, 12, 14, 15, 16, 17, 19, 22, 23, 24, 29, 30, 31, 32, 33, 36, 47, 48, 50, 51, 52, 53, 54, 55, 57, 58, 60, 61, 62, 65, 69, 77, 80, 81, 90, 104, 144, 182, 197, 241, 330], "summary": {"covered_lines": 38, "num_statements": 38, "percent_covered": 100.0, "percent_covered_display": "100", "missing_lines": 0, "excluded_lines": 0}, "missing_lines": [], "excluded_lines": []}}}, "03-development/src/omnibot/logger/__init__.py": {"executed_lines": [1, 9, 10, 11, 12, 15, 16, 21, 22, 24, 26, 27, 28, 34, 35, 37, 39, 41, 43, 45, 47, 49, 51, 53, 55], "summary": {"covered_lines": 23, "num_statements": 23, "percent_covered": 100.0, "percent_covered_display": "100", "missing_lines": 0, "excluded_lines": 0}, "missing_lines": [], "excluded_lines": [], "functions": {"StructuredLogger.__init__": {"executed_lines": [22], "summary": {"covered_lines": 1, "num_statements": 1, "percent_covered": 100.0, "percent_covered_display": "100", "missing_lines": 0, "excluded_lines": 0}, "missing_lines": [], "excluded_lines": []}, "StructuredLogger.log": {"executed_lines": [26, 27, 28, 34, 35], "summary": {"covered_lines": 5, "num_statements": 5, "percent_covered": 100.0, "percent_covered_display": "100", "missing_lines": 0, "excluded_lines": 0}, "missing_lines": [], "excluded_lines": []}, "StructuredLogger.debug": {"executed_lines": [39], "summary": {"covered_lines": 1, "num_statements": 1, "percent_covered": 100.0, "percent_covered_display": "100", "missing_lines": 0, "excluded_lines": 0}, "missing_lines": [], "excluded_lines": []}, "StructuredLogger.info": {"executed_lines": [43], "summary": {"covered_lines": 1, "num_statements": 1, "percent_covered": 100.0, "percent_covered_display": "100", "missing_lines": 0, "excluded_lines": 0}, "missing_lines": [], "excluded_lines": []}, "StructuredLogger.warn": {"executed_lines": [47], "summary": {"covered_lines": 1, "num_statements": 1, "percent_covered": 100.0, "percent_covered_display": "100", "missing_lines": 0, "excluded_lines": 0}, "missing_lines": [], "excluded_lines": []}, "StructuredLogger.error": {"executed_lines": [51], "summary": {"covered_lines": 1, "num_statements": 1, "percent_covered": 100.0, "percent_covered_display": "100", "missing_lines": 0, "excluded_lines": 0}, "missing_lines": [], "excluded_lines": []}, "StructuredLogger.critical": {"executed_lines": [55], "summary": {"covered_lines": 1, "num_statements": 1, "percent_covered": 100.0, "percent_covered_display": "100", "missing_lines": 0, "excluded_lines": 0}, "missing_lines": [], "excluded_lines": []}, "": {"executed_lines": [1, 9, 10, 11, 12, 15, 16, 21, 24, 37, 41, 45, 49, 53], "summary": {"covered_lines": 12, "num_statements": 12, "percent_covered": 100.0, "percent_covered_display": "100", "missing_lines": 0, "excluded_lines": 0}, "missing_lines": [], "excluded_lines": []}}, "classes": {"StructuredLogger": {"executed_lines": [22, 26, 27, 28, 34, 35, 39, 43, 47, 51, 55], "summary": {"covered_lines": 11, "num_statements": 11, "percent_covered": 100.0, "percent_covered_display": "100", "missing_lines": 0, "excluded_lines": 0}, "missing_lines": [], "excluded_lines": []}, "": {"executed_lines": [1, 9, 10, 11, 12, 15, 16, 21, 24, 37, 41, 45, 49, 53], "summary": {"covered_lines": 12, "num_statements": 12, "percent_covered": 100.0, "percent_covered_display": "100", "missing_lines": 0, "excluded_lines": 0}, "missing_lines": [], "excluded_lines": []}}}, "03-development/src/omnibot/metrics.py": {"executed_lines": [1, 9, 12, 13, 21, 22, 29, 35, 41, 47, 53, 58, 63, 70, 72], "summary": {"covered_lines": 13, "num_statements": 13, "percent_covered": 100.0, "percent_covered_display": "100", "missing_lines": 0, "excluded_lines": 0}, "missing_lines": [], "excluded_lines": [], "functions": {"PrometheusMetrics.__init__": {"executed_lines": [22, 29, 35, 41, 47, 53, 58, 63], "summary": {"covered_lines": 8, "num_statements": 8, "percent_covered": 100.0, "percent_covered_display": "100", "missing_lines": 0, "excluded_lines": 0}, "missing_lines": [], "excluded_lines": []}, "PrometheusMetrics.get_metrics": {"executed_lines": [72], "summary": {"covered_lines": 1, "num_statements": 1, "percent_covered": 100.0, "percent_covered_display": "100", "missing_lines": 0, "excluded_lines": 0}, "missing_lines": [], "excluded_lines": []}, "": {"executed_lines": [1, 9, 12, 13, 21, 70], "summary": {"covered_lines": 4, "num_statements": 4, "percent_covered": 100.0, "percent_covered_display": "100", "missing_lines": 0, "excluded_lines": 0}, "missing_lines": [], "excluded_lines": []}}, "classes": {"PrometheusMetrics": {"executed_lines": [22, 29, 35, 41, 47, 53, 58, 63, 72], "summary": {"covered_lines": 9, "num_statements": 9, "percent_covered": 100.0, "percent_covered_display": "100", "missing_lines": 0, "excluded_lines": 0}, "missing_lines": [], "excluded_lines": []}, "": {"executed_lines": [1, 9, 12, 13, 21, 70], "summary": {"covered_lines": 4, "num_statements": 4, "percent_covered": 100.0, "percent_covered_display": "100", "missing_lines": 0, "excluded_lines": 0}, "missing_lines": [], "excluded_lines": []}}}, "03-development/src/omnibot/models.py": {"executed_lines": [1, 6, 7, 8, 9, 12, 13, 17, 18, 19, 20, 23, 24, 28, 29, 30, 31, 32, 35, 36, 37, 41, 42, 43, 44, 45, 46, 47, 48, 50, 52, 53, 54, 55, 56, 59, 60, 61, 65, 66, 67, 68], "summary": {"covered_lines": 37, "num_statements": 37, "percent_covered": 100.0, "percent_covered_display": "100", "missing_lines": 0, "excluded_lines": 0}, "missing_lines": [], "excluded_lines": [], "functions": {"UnifiedMessage.to_json_dict": {"executed_lines": [52, 53, 54, 55, 56], "summary": {"covered_lines": 5, "num_statements": 5, "percent_covered": 100.0, "percent_covered_display": "100", "missing_lines": 0, "excluded_lines": 0}, "missing_lines": [], "excluded_lines": []}, "": {"executed_lines": [1, 6, 7, 8, 9, 12, 13, 17, 18, 19, 20, 23, 24, 28, 29, 30, 31, 32, 35, 36, 37, 41, 42, 43, 44, 45, 46, 47, 48, 50, 59, 60, 61, 65, 66, 67, 68], "summary": {"covered_lines": 32, "num_statements": 32, "percent_covered": 100.0, "percent_covered_display": "100", "missing_lines": 0, "excluded_lines": 0}, "missing_lines": [], "excluded_lines": []}}, "classes": {"Platform": {"executed_lines": [], "summary": {"covered_lines": 0, "num_statements": 0, "percent_covered": 100.0, "percent_covered_display": "100", "missing_lines": 0, "excluded_lines": 0}, "missing_lines": [], "excluded_lines": []}, "MessageType": {"executed_lines": [], "summary": {"covered_lines": 0, "num_statements": 0, "percent_covered": 100.0, "percent_covered_display": "100", "missing_lines": 0, "excluded_lines": 0}, "missing_lines": [], "excluded_lines": []}, "UnifiedMessage": {"executed_lines": [52, 53, 54, 55, 56], "summary": {"covered_lines": 5, "num_statements": 5, "percent_covered": 100.0, "percent_covered_display": "100", "missing_lines": 0, "excluded_lines": 0}, "missing_lines": [], "excluded_lines": []}, "UnifiedResponse": {"executed_lines": [], "summary": {"covered_lines": 0, "num_statements": 0, "percent_covered": 100.0, "percent_covered_display": "100", "missing_lines": 0, "excluded_lines": 0}, "missing_lines": [], "excluded_lines": []}, "": {"executed_lines": [1, 6, 7, 8, 9, 12, 13, 17, 18, 19, 20, 23, 24, 28, 29, 30, 31, 32, 35, 36, 37, 41, 42, 43, 44, 45, 46, 47, 48, 50, 59, 60, 61, 65, 66, 67, 68], "summary": {"covered_lines": 32, "num_statements": 32, "percent_covered": 100.0, "percent_covered_display": "100", "missing_lines": 0, "excluded_lines": 0}, "missing_lines": [], "excluded_lines": []}}}, "03-development/src/omnibot/pii/__init__.py": {"executed_lines": [1, 7, 8, 9, 14, 15, 16, 20, 21, 22, 27, 28, 29, 30, 40, 43, 53, 60, 61, 62, 66, 67, 68, 73, 81, 82, 83, 84, 85, 86, 87, 88, 89, 90, 91, 92, 93, 98, 99, 104, 105, 107, 109, 111, 112, 113, 115, 116, 117, 118, 119, 120, 121, 122, 124, 125, 126, 127, 129, 130, 131, 132, 134, 140, 141, 146, 147, 149, 151, 152, 154, 156, 158, 159, 160, 163, 164, 165, 166, 167, 168, 169, 171, 172, 173, 175, 182, 184, 187, 189], "summary": {"covered_lines": 85, "num_statements": 85, "percent_covered": 100.0, "percent_covered_display": "100", "missing_lines": 0, "excluded_lines": 0}, "missing_lines": [], "excluded_lines": [], "functions": {"_luhn_check": {"executed_lines": [81, 82, 83, 84, 85, 86, 87, 88, 89, 90, 91, 92, 93], "summary": {"covered_lines": 13, "num_statements": 13, "percent_covered": 100.0, "percent_covered_display": "100", "missing_lines": 0, "excluded_lines": 0}, "missing_lines": [], "excluded_lines": []}, "PIIMasking.should_escalate": {"executed_lines": [107], "summary": {"covered_lines": 1, "num_statements": 1, "percent_covered": 100.0, "percent_covered_display": "100", "missing_lines": 0, "excluded_lines": 0}, "missing_lines": [], "excluded_lines": []}, "PIIMasking.mask": {"executed_lines": [111, 112, 113, 115, 116, 117, 118, 119, 120, 121, 122, 124, 125, 126, 127, 129, 130, 131, 132, 134], "summary": {"covered_lines": 20, "num_statements": 20, "percent_covered": 100.0, "percent_covered_display": "100", "missing_lines": 0, "excluded_lines": 0}, "missing_lines": [], "excluded_lines": []}, "PIIMaskingV2._luhn_check": {"executed_lines": [149], "summary": {"covered_lines": 1, "num_statements": 1, "percent_covered": 100.0, "percent_covered_display": "100", "missing_lines": 0, "excluded_lines": 0}, "missing_lines": [], "excluded_lines": []}, "PIIMaskingV2.should_escalate": {"executed_lines": [154], "summary": {"covered_lines": 1, "num_statements": 1, "percent_covered": 100.0, "percent_covered_display": "100", "missing_lines": 0, "excluded_lines": 0}, "missing_lines": [], "excluded_lines": []}, "PIIMaskingV2.mask": {"executed_lines": [158, 159, 160, 163, 164, 165, 166, 167, 168, 169, 171, 172, 173, 175], "summary": {"covered_lines": 14, "num_statements": 14, "percent_covered": 100.0, "percent_covered_display": "100", "missing_lines": 0, "excluded_lines": 0}, "missing_lines": [], "excluded_lines": []}, "mask_pii": {"executed_lines": [184], "summary": {"covered_lines": 1, "num_statements": 1, "percent_covered": 100.0, "percent_covered_display": "100", "missing_lines": 0, "excluded_lines": 0}, "missing_lines": [], "excluded_lines": []}, "contains_sensitive_keywords": {"executed_lines": [189], "summary": {"covered_lines": 1, "num_statements": 1, "percent_covered": 100.0, "percent_covered_display": "100", "missing_lines": 0, "excluded_lines": 0}, "missing_lines": [], "excluded_lines": []}, "": {"executed_lines": [1, 7, 8, 9, 14, 15, 16, 20, 21, 22, 27, 28, 29, 30, 40, 43, 53, 60, 61, 62, 66, 67, 68, 73, 98, 99, 104, 105, 109, 140, 141, 146, 147, 151, 152, 156, 182, 187], "summary": {"covered_lines": 33, "num_statements": 33, "percent_covered": 100.0, "percent_covered_display": "100", "missing_lines": 0, "excluded_lines": 0}, "missing_lines": [], "excluded_lines": []}}, "classes": {"PIIMaskResult": {"executed_lines": [], "summary": {"covered_lines": 0, "num_statements": 0, "percent_covered": 100.0, "percent_covered_display": "100", "missing_lines": 0, "excluded_lines": 0}, "missing_lines": [], "excluded_lines": []}, "EscalationFlag": {"executed_lines": [], "summary": {"covered_lines": 0, "num_statements": 0, "percent_covered": 100.0, "percent_covered_display": "100", "missing_lines": 0, "excluded_lines": 0}, "missing_lines": [], "excluded_lines": []}, "PIIMasking": {"executed_lines": [107, 111, 112, 113, 115, 116, 117, 118, 119, 120, 121, 122, 124, 125, 126, 127, 129, 130, 131, 132, 134], "summary": {"covered_lines": 21, "num_statements": 21, "percent_covered": 100.0, "percent_covered_display": "100", "missing_lines": 0, "excluded_lines": 0}, "missing_lines": [], "excluded_lines": []}, "PIIMaskingV2": {"executed_lines": [149, 154, 158, 159, 160, 163, 164, 165, 166, 167, 168, 169, 171, 172, 173, 175], "summary": {"covered_lines": 16, "num_statements": 16, "percent_covered": 100.0, "percent_covered_display": "100", "missing_lines": 0, "excluded_lines": 0}, "missing_lines": [], "excluded_lines": []}, "": {"executed_lines": [1, 7, 8, 9, 14, 15, 16, 20, 21, 22, 27, 28, 29, 30, 40, 43, 53, 60, 61, 62, 66, 67, 68, 73, 81, 82, 83, 84, 85, 86, 87, 88, 89, 90, 91, 92, 93, 98, 99, 104, 105, 109, 140, 141, 146, 147, 151, 152, 156, 182, 184, 187, 189], "summary": {"covered_lines": 48, "num_statements": 48, "percent_covered": 100.0, "percent_covered_display": "100", "missing_lines": 0, "excluded_lines": 0}, "missing_lines": [], "excluded_lines": []}}}, "03-development/src/omnibot/rate_limiter/__init__.py": {"executed_lines": [1, 8, 9, 10, 13, 14, 20, 21, 22, 23, 24, 25, 27, 28, 29, 30, 31, 33, 35, 36, 37, 38, 39, 40, 43, 44, 46, 47, 48, 49, 50, 52, 54, 55, 56, 57, 58, 59], "summary": {"covered_lines": 35, "num_statements": 35, "percent_covered": 100.0, "percent_covered_display": "100", "missing_lines": 0, "excluded_lines": 0}, "missing_lines": [], "excluded_lines": [], "functions": {"TokenBucket.__init__": {"executed_lines": [21, 22, 23, 24, 25], "summary": {"covered_lines": 5, "num_statements": 5, "percent_covered": 100.0, "percent_covered_display": "100", "missing_lines": 0, "excluded_lines": 0}, "missing_lines": [], "excluded_lines": []}, "TokenBucket._refill": {"executed_lines": [28, 29, 30, 31], "summary": {"covered_lines": 4, "num_statements": 4, "percent_covered": 100.0, "percent_covered_display": "100", "missing_lines": 0, "excluded_lines": 0}, "missing_lines": [], "excluded_lines": []}, "TokenBucket.consume": {"executed_lines": [35, 36, 37, 38, 39, 40], "summary": {"covered_lines": 6, "num_statements": 6, "percent_covered": 100.0, "percent_covered_display": "100", "missing_lines": 0, "excluded_lines": 0}, "missing_lines": [], "excluded_lines": []}, "RateLimiter.__init__": {"executed_lines": [47, 48, 49, 50], "summary": {"covered_lines": 4, "num_statements": 4, "percent_covered": 100.0, "percent_covered_display": "100", "missing_lines": 0, "excluded_lines": 0}, "missing_lines": [], "excluded_lines": []}, "RateLimiter.allow": {"executed_lines": [54, 55, 56, 57, 58, 59], "summary": {"covered_lines": 6, "num_statements": 6, "percent_covered": 100.0, "percent_covered_display": "100", "missing_lines": 0, "excluded_lines": 0}, "missing_lines": [], "excluded_lines": []}, "": {"executed_lines": [1, 8, 9, 10, 13, 14, 20, 27, 33, 43, 44, 46, 52], "summary": {"covered_lines": 10, "num_statements": 10, "percent_covered": 100.0, "percent_covered_display": "100", "missing_lines": 0, "excluded_lines": 0}, "missing_lines": [], "excluded_lines": []}}, "classes": {"TokenBucket": {"executed_lines": [21, 22, 23, 24, 25, 28, 29, 30, 31, 35, 36, 37, 38, 39, 40], "summary": {"covered_lines": 15, "num_statements": 15, "percent_covered": 100.0, "percent_covered_display": "100", "missing_lines": 0, "excluded_lines": 0}, "missing_lines": [], "excluded_lines": []}, "RateLimiter": {"executed_lines": [47, 48, 49, 50, 54, 55, 56, 57, 58, 59], "summary": {"covered_lines": 10, "num_statements": 10, "percent_covered": 100.0, "percent_covered_display": "100", "missing_lines": 0, "excluded_lines": 0}, "missing_lines": [], "excluded_lines": []}, "": {"executed_lines": [1, 8, 9, 10, 13, 14, 20, 27, 33, 43, 44, 46, 52], "summary": {"covered_lines": 10, "num_statements": 10, "percent_covered": 100.0, "percent_covered_display": "100", "missing_lines": 0, "excluded_lines": 0}, "missing_lines": [], "excluded_lines": []}}}, "03-development/src/omnibot/router.py": {"executed_lines": [1, 7, 9, 10, 11, 12, 13, 17, 25, 30], "summary": {"covered_lines": 9, "num_statements": 9, "percent_covered": 100.0, "percent_covered_display": "100", "missing_lines": 0, "excluded_lines": 0}, "missing_lines": [], "excluded_lines": [], "functions": {"resolve_route": {"executed_lines": [30], "summary": {"covered_lines": 1, "num_statements": 1, "percent_covered": 100.0, "percent_covered_display": "100", "missing_lines": 0, "excluded_lines": 0}, "missing_lines": [], "excluded_lines": []}, "": {"executed_lines": [1, 7, 9, 10, 11, 12, 13, 17, 25], "summary": {"covered_lines": 8, "num_statements": 8, "percent_covered": 100.0, "percent_covered_display": "100", "missing_lines": 0, "excluded_lines": 0}, "missing_lines": [], "excluded_lines": []}}, "classes": {"": {"executed_lines": [1, 7, 9, 10, 11, 12, 13, 17, 25, 30], "summary": {"covered_lines": 9, "num_statements": 9, "percent_covered": 100.0, "percent_covered_display": "100", "missing_lines": 0, "excluded_lines": 0}, "missing_lines": [], "excluded_lines": []}}}, "03-development/src/omnibot/sanitizer/__init__.py": {"executed_lines": [1, 6, 9, 18, 20, 26, 27, 28, 29, 30, 31, 32, 35, 37], "summary": {"covered_lines": 13, "num_statements": 15, "percent_covered": 86.66666666666667, "percent_covered_display": "87", "missing_lines": 2, "excluded_lines": 0}, "missing_lines": [21, 22], "excluded_lines": [], "functions": {"sanitize": {"executed_lines": [18, 20, 26, 27, 28, 29, 30, 31, 32, 35, 37], "summary": {"covered_lines": 11, "num_statements": 13, "percent_covered": 84.61538461538461, "percent_covered_display": "85", "missing_lines": 2, "excluded_lines": 0}, "missing_lines": [21, 22], "excluded_lines": []}, "": {"executed_lines": [1, 6, 9], "summary": {"covered_lines": 2, "num_statements": 2, "percent_covered": 100.0, "percent_covered_display": "100", "missing_lines": 0, "excluded_lines": 0}, "missing_lines": [], "excluded_lines": []}}, "classes": {"": {"executed_lines": [1, 6, 9, 18, 20, 26, 27, 28, 29, 30, 31, 32, 35, 37], "summary": {"covered_lines": 13, "num_statements": 15, "percent_covered": 86.66666666666667, "percent_covered_display": "87", "missing_lines": 2, "excluded_lines": 0}, "missing_lines": [21, 22], "excluded_lines": []}}}, "03-development/src/omnibot/schema/__init__.py": {"executed_lines": [1, 9, 104, 110, 111, 114, 138, 148, 154], "summary": {"covered_lines": 8, "num_statements": 8, "percent_covered": 100.0, "percent_covered_display": "100", "missing_lines": 0, "excluded_lines": 0}, "missing_lines": [], "excluded_lines": [], "functions": {"get_schema_sql": {"executed_lines": [110, 111], "summary": {"covered_lines": 2, "num_statements": 2, "percent_covered": 100.0, "percent_covered_display": "100", "missing_lines": 0, "excluded_lines": 0}, "missing_lines": [], "excluded_lines": []}, "get_phase2_schema_sql": {"executed_lines": [154], "summary": {"covered_lines": 1, "num_statements": 1, "percent_covered": 100.0, "percent_covered_display": "100", "missing_lines": 0, "excluded_lines": 0}, "missing_lines": [], "excluded_lines": []}, "": {"executed_lines": [1, 9, 104, 114, 138, 148], "summary": {"covered_lines": 5, "num_statements": 5, "percent_covered": 100.0, "percent_covered_display": "100", "missing_lines": 0, "excluded_lines": 0}, "missing_lines": [], "excluded_lines": []}}, "classes": {"": {"executed_lines": [1, 9, 104, 110, 111, 114, 138, 148, 154], "summary": {"covered_lines": 8, "num_statements": 8, "percent_covered": 100.0, "percent_covered_display": "100", "missing_lines": 0, "excluded_lines": 0}, "missing_lines": [], "excluded_lines": []}}}, "tests/test_fr01.py": {"executed_lines": [1, 12, 13, 14, 15, 16, 18, 19, 21, 24, 25, 26, 29, 30, 39, 56, 58, 59, 64, 65, 66, 67, 68, 69, 70, 73, 75, 76, 77, 78, 79, 80, 83, 84, 85, 88, 97, 115, 117, 118, 123, 124, 125, 126, 127, 128, 129, 130, 133, 135, 136, 137, 138, 139, 140, 145, 147, 148, 151, 153, 154, 159, 164, 166, 167, 168, 169, 172, 174, 175, 176, 177, 178], "summary": {"covered_lines": 72, "num_statements": 72, "percent_covered": 100.0, "percent_covered_display": "100", "missing_lines": 0, "excluded_lines": 0}, "missing_lines": [], "excluded_lines": [], "functions": {"_telegram_signature": {"executed_lines": [25, 26], "summary": {"covered_lines": 2, "num_statements": 2, "percent_covered": 100.0, "percent_covered_display": "100", "missing_lines": 0, "excluded_lines": 0}, "missing_lines": [], "excluded_lines": []}, "_telegram_headers": {"executed_lines": [30], "summary": {"covered_lines": 1, "num_statements": 1, "percent_covered": 100.0, "percent_covered_display": "100", "missing_lines": 0, "excluded_lines": 0}, "missing_lines": [], "excluded_lines": []}, "test_telegram_webhook_text_message": {"executed_lines": [58, 59, 64, 65, 66, 67, 68, 69, 70], "summary": {"covered_lines": 9, "num_statements": 9, "percent_covered": 100.0, "percent_covered_display": "100", "missing_lines": 0, "excluded_lines": 0}, "missing_lines": [], "excluded_lines": []}, "test_telegram_webhook_response_time": {"executed_lines": [75, 76, 77, 78, 79, 80], "summary": {"covered_lines": 6, "num_statements": 6, "percent_covered": 100.0, "percent_covered_display": "100", "missing_lines": 0, "excluded_lines": 0}, "missing_lines": [], "excluded_lines": []}, "_line_headers": {"executed_lines": [84, 85, 88], "summary": {"covered_lines": 3, "num_statements": 3, "percent_covered": 100.0, "percent_covered_display": "100", "missing_lines": 0, "excluded_lines": 0}, "missing_lines": [], "excluded_lines": []}, "test_line_webhook_text_message": {"executed_lines": [117, 118, 123, 124, 125, 126, 127, 128, 129, 130], "summary": {"covered_lines": 10, "num_statements": 10, "percent_covered": 100.0, "percent_covered_display": "100", "missing_lines": 0, "excluded_lines": 0}, "missing_lines": [], "excluded_lines": []}, "test_line_webhook_response_time": {"executed_lines": [135, 136, 137, 138, 139, 140], "summary": {"covered_lines": 6, "num_statements": 6, "percent_covered": 100.0, "percent_covered_display": "100", "missing_lines": 0, "excluded_lines": 0}, "missing_lines": [], "excluded_lines": []}, "test_unsupported_platform_returns_400": {"executed_lines": [147, 148], "summary": {"covered_lines": 2, "num_statements": 2, "percent_covered": 100.0, "percent_covered_display": "100", "missing_lines": 0, "excluded_lines": 0}, "missing_lines": [], "excluded_lines": []}, "test_line_empty_events_returns_400": {"executed_lines": [153, 154, 159], "summary": {"covered_lines": 3, "num_statements": 3, "percent_covered": 100.0, "percent_covered_display": "100", "missing_lines": 0, "excluded_lines": 0}, "missing_lines": [], "excluded_lines": []}, "test_platform_enum_values": {"executed_lines": [166, 167, 168, 169], "summary": {"covered_lines": 4, "num_statements": 4, "percent_covered": 100.0, "percent_covered_display": "100", "missing_lines": 0, "excluded_lines": 0}, "missing_lines": [], "excluded_lines": []}, "test_message_type_enum_values": {"executed_lines": [174, 175, 176, 177, 178], "summary": {"covered_lines": 5, "num_statements": 5, "percent_covered": 100.0, "percent_covered_display": "100", "missing_lines": 0, "excluded_lines": 0}, "missing_lines": [], "excluded_lines": []}, "": {"executed_lines": [1, 12, 13, 14, 15, 16, 18, 19, 21, 24, 29, 39, 56, 73, 83, 97, 115, 133, 145, 151, 164, 172], "summary": {"covered_lines": 21, "num_statements": 21, "percent_covered": 100.0, "percent_covered_display": "100", "missing_lines": 0, "excluded_lines": 0}, "missing_lines": [], "excluded_lines": []}}, "classes": {"": {"executed_lines": [1, 12, 13, 14, 15, 16, 18, 19, 21, 24, 25, 26, 29, 30, 39, 56, 58, 59, 64, 65, 66, 67, 68, 69, 70, 73, 75, 76, 77, 78, 79, 80, 83, 84, 85, 88, 97, 115, 117, 118, 123, 124, 125, 126, 127, 128, 129, 130, 133, 135, 136, 137, 138, 139, 140, 145, 147, 148, 151, 153, 154, 159, 164, 166, 167, 168, 169, 172, 174, 175, 176, 177, 178], "summary": {"covered_lines": 72, "num_statements": 72, "percent_covered": 100.0, "percent_covered_display": "100", "missing_lines": 0, "excluded_lines": 0}, "missing_lines": [], "excluded_lines": []}}}, "tests/test_fr02.py": {"executed_lines": [1, 13, 14, 15, 16, 17, 19, 24, 26, 27, 30, 32, 37, 38, 40, 51, 66, 68, 73, 75, 76, 77, 86, 89, 91, 92, 101, 102, 103, 106, 108, 109, 117, 122, 124, 125, 126, 135, 138, 140, 141, 150, 151, 152, 155, 157, 158, 166, 171, 177, 178, 181, 182, 183, 192, 195, 196, 197, 198, 207, 210, 211, 216, 218, 219, 224], "summary": {"covered_lines": 65, "num_statements": 65, "percent_covered": 100.0, "percent_covered_display": "100", "missing_lines": 0, "excluded_lines": 0}, "missing_lines": [], "excluded_lines": [], "functions": {"compute_telegram_signature": {"executed_lines": [26, 27], "summary": {"covered_lines": 2, "num_statements": 2, "percent_covered": 100.0, "percent_covered_display": "100", "missing_lines": 0, "excluded_lines": 0}, "missing_lines": [], "excluded_lines": []}, "compute_line_signature": {"executed_lines": [32], "summary": {"covered_lines": 1, "num_statements": 1, "percent_covered": 100.0, "percent_covered_display": "100", "missing_lines": 0, "excluded_lines": 0}, "missing_lines": [], "excluded_lines": []}, "test_telegram_webhook_valid_signature": {"executed_lines": [75, 76, 77, 86], "summary": {"covered_lines": 4, "num_statements": 4, "percent_covered": 100.0, "percent_covered_display": "100", "missing_lines": 0, "excluded_lines": 0}, "missing_lines": [], "excluded_lines": []}, "test_telegram_webhook_invalid_signature": {"executed_lines": [91, 92, 101, 102, 103], "summary": {"covered_lines": 5, "num_statements": 5, "percent_covered": 100.0, "percent_covered_display": "100", "missing_lines": 0, "excluded_lines": 0}, "missing_lines": [], "excluded_lines": []}, "test_telegram_webhook_missing_signature_header": {"executed_lines": [108, 109, 117], "summary": {"covered_lines": 3, "num_statements": 3, "percent_covered": 100.0, "percent_covered_display": "100", "missing_lines": 0, "excluded_lines": 0}, "missing_lines": [], "excluded_lines": []}, "test_line_webhook_valid_signature": {"executed_lines": [124, 125, 126, 135], "summary": {"covered_lines": 4, "num_statements": 4, "percent_covered": 100.0, "percent_covered_display": "100", "missing_lines": 0, "excluded_lines": 0}, "missing_lines": [], "excluded_lines": []}, "test_line_webhook_invalid_signature": {"executed_lines": [140, 141, 150, 151, 152], "summary": {"covered_lines": 5, "num_statements": 5, "percent_covered": 100.0, "percent_covered_display": "100", "missing_lines": 0, "excluded_lines": 0}, "missing_lines": [], "excluded_lines": []}, "test_line_webhook_missing_signature_header": {"executed_lines": [157, 158, 166], "summary": {"covered_lines": 3, "num_statements": 3, "percent_covered": 100.0, "percent_covered_display": "100", "missing_lines": 0, "excluded_lines": 0}, "missing_lines": [], "excluded_lines": []}, "test_timing_attack_resistance": {"executed_lines": [177, 178, 181, 182, 183, 192, 195, 196, 197, 198, 207, 210, 211], "summary": {"covered_lines": 13, "num_statements": 13, "percent_covered": 100.0, "percent_covered_display": "100", "missing_lines": 0, "excluded_lines": 0}, "missing_lines": [], "excluded_lines": []}, "test_telegram_webhook_without_auth_headers_still_rejected": {"executed_lines": [218, 219, 224], "summary": {"covered_lines": 3, "num_statements": 3, "percent_covered": 100.0, "percent_covered_display": "100", "missing_lines": 0, "excluded_lines": 0}, "missing_lines": [], "excluded_lines": []}, "": {"executed_lines": [1, 13, 14, 15, 16, 17, 19, 24, 30, 37, 38, 40, 51, 66, 68, 73, 89, 106, 122, 138, 155, 171, 216], "summary": {"covered_lines": 22, "num_statements": 22, "percent_covered": 100.0, "percent_covered_display": "100", "missing_lines": 0, "excluded_lines": 0}, "missing_lines": [], "excluded_lines": []}}, "classes": {"": {"executed_lines": [1, 13, 14, 15, 16, 17, 19, 24, 26, 27, 30, 32, 37, 38, 40, 51, 66, 68, 73, 75, 76, 77, 86, 89, 91, 92, 101, 102, 103, 106, 108, 109, 117, 122, 124, 125, 126, 135, 138, 140, 141, 150, 151, 152, 155, 157, 158, 166, 171, 177, 178, 181, 182, 183, 192, 195, 196, 197, 198, 207, 210, 211, 216, 218, 219, 224], "summary": {"covered_lines": 65, "num_statements": 65, "percent_covered": 100.0, "percent_covered_display": "100", "missing_lines": 0, "excluded_lines": 0}, "missing_lines": [], "excluded_lines": []}}}, "tests/test_fr03.py": {"executed_lines": [1, 12, 13, 15, 17, 27, 29, 35, 36, 39, 41, 48, 49, 50, 51, 52, 53, 54, 55, 58, 60, 66, 67, 68, 69, 72, 74, 81, 86, 88, 94, 95, 96, 97, 100, 102, 108, 109, 110, 115, 117, 118, 121, 123, 124, 127, 129, 130, 133, 135, 136], "summary": {"covered_lines": 50, "num_statements": 50, "percent_covered": 100.0, "percent_covered_display": "100", "missing_lines": 0, "excluded_lines": 0}, "missing_lines": [], "excluded_lines": [], "functions": {"test_unified_message_is_frozen": {"executed_lines": [29, 35, 36], "summary": {"covered_lines": 3, "num_statements": 3, "percent_covered": 100.0, "percent_covered_display": "100", "missing_lines": 0, "excluded_lines": 0}, "missing_lines": [], "excluded_lines": []}, "test_unified_message_required_fields": {"executed_lines": [41, 48, 49, 50, 51, 52, 53, 54, 55], "summary": {"covered_lines": 9, "num_statements": 9, "percent_covered": 100.0, "percent_covered_display": "100", "missing_lines": 0, "excluded_lines": 0}, "missing_lines": [], "excluded_lines": []}, "test_unified_message_defaults": {"executed_lines": [60, 66, 67, 68, 69], "summary": {"covered_lines": 5, "num_statements": 5, "percent_covered": 100.0, "percent_covered_display": "100", "missing_lines": 0, "excluded_lines": 0}, "missing_lines": [], "excluded_lines": []}, "test_unified_message_reply_token": {"executed_lines": [74, 81], "summary": {"covered_lines": 2, "num_statements": 2, "percent_covered": 100.0, "percent_covered_display": "100", "missing_lines": 0, "excluded_lines": 0}, "missing_lines": [], "excluded_lines": []}, "test_unified_response_fields": {"executed_lines": [88, 94, 95, 96, 97], "summary": {"covered_lines": 5, "num_statements": 5, "percent_covered": 100.0, "percent_covered_display": "100", "missing_lines": 0, "excluded_lines": 0}, "missing_lines": [], "excluded_lines": []}, "test_unified_response_escalate_defaults": {"executed_lines": [102, 108, 109, 110], "summary": {"covered_lines": 4, "num_statements": 4, "percent_covered": 100.0, "percent_covered_display": "100", "missing_lines": 0, "excluded_lines": 0}, "missing_lines": [], "excluded_lines": []}, "test_platform_enum_completeness": {"executed_lines": [117, 118], "summary": {"covered_lines": 2, "num_statements": 2, "percent_covered": 100.0, "percent_covered_display": "100", "missing_lines": 0, "excluded_lines": 0}, "missing_lines": [], "excluded_lines": []}, "test_message_type_enum_completeness": {"executed_lines": [123, 124], "summary": {"covered_lines": 2, "num_statements": 2, "percent_covered": 100.0, "percent_covered_display": "100", "missing_lines": 0, "excluded_lines": 0}, "missing_lines": [], "excluded_lines": []}, "test_platform_enum_from_string": {"executed_lines": [129, 130], "summary": {"covered_lines": 2, "num_statements": 2, "percent_covered": 100.0, "percent_covered_display": "100", "missing_lines": 0, "excluded_lines": 0}, "missing_lines": [], "excluded_lines": []}, "test_message_type_enum_from_string": {"executed_lines": [135, 136], "summary": {"covered_lines": 2, "num_statements": 2, "percent_covered": 100.0, "percent_covered_display": "100", "missing_lines": 0, "excluded_lines": 0}, "missing_lines": [], "excluded_lines": []}, "": {"executed_lines": [1, 12, 13, 15, 17, 27, 39, 58, 72, 86, 100, 115, 121, 127, 133], "summary": {"covered_lines": 14, "num_statements": 14, "percent_covered": 100.0, "percent_covered_display": "100", "missing_lines": 0, "excluded_lines": 0}, "missing_lines": [], "excluded_lines": []}}, "classes": {"": {"executed_lines": [1, 12, 13, 15, 17, 27, 29, 35, 36, 39, 41, 48, 49, 50, 51, 52, 53, 54, 55, 58, 60, 66, 67, 68, 69, 72, 74, 81, 86, 88, 94, 95, 96, 97, 100, 102, 108, 109, 110, 115, 117, 118, 121, 123, 124, 127, 129, 130, 133, 135, 136], "summary": {"covered_lines": 50, "num_statements": 50, "percent_covered": 100.0, "percent_covered_display": "100", "missing_lines": 0, "excluded_lines": 0}, "missing_lines": [], "excluded_lines": []}}}, "tests/test_fr04.py": {"executed_lines": [1, 12, 15, 17, 18, 19, 22, 24, 25, 26, 29, 31, 32, 33, 36, 38, 39, 40, 43, 45, 46, 47, 50, 52, 55, 57, 60, 62, 63, 64, 67, 69, 70, 72, 73, 76, 78, 79, 80, 81, 84, 86, 87, 88], "summary": {"covered_lines": 43, "num_statements": 43, "percent_covered": 100.0, "percent_covered_display": "100", "missing_lines": 0, "excluded_lines": 0}, "missing_lines": [], "excluded_lines": [], "functions": {"test_nfkc_normalization": {"executed_lines": [17, 18, 19], "summary": {"covered_lines": 3, "num_statements": 3, "percent_covered": 100.0, "percent_covered_display": "100", "missing_lines": 0, "excluded_lines": 0}, "missing_lines": [], "excluded_lines": []}, "test_nfkc_combining_characters": {"executed_lines": [24, 25, 26], "summary": {"covered_lines": 3, "num_statements": 3, "percent_covered": 100.0, "percent_covered_display": "100", "missing_lines": 0, "excluded_lines": 0}, "missing_lines": [], "excluded_lines": []}, "test_control_characters_removed": {"executed_lines": [31, 32, 33], "summary": {"covered_lines": 3, "num_statements": 3, "percent_covered": 100.0, "percent_covered_display": "100", "missing_lines": 0, "excluded_lines": 0}, "missing_lines": [], "excluded_lines": []}, "test_newline_and_tab_preserved": {"executed_lines": [38, 39, 40], "summary": {"covered_lines": 3, "num_statements": 3, "percent_covered": 100.0, "percent_covered_display": "100", "missing_lines": 0, "excluded_lines": 0}, "missing_lines": [], "excluded_lines": []}, "test_leading_trailing_whitespace_stripped": {"executed_lines": [45, 46, 47], "summary": {"covered_lines": 3, "num_statements": 3, "percent_covered": 100.0, "percent_covered_display": "100", "missing_lines": 0, "excluded_lines": 0}, "missing_lines": [], "excluded_lines": []}, "test_empty_string": {"executed_lines": [52], "summary": {"covered_lines": 1, "num_statements": 1, "percent_covered": 100.0, "percent_covered_display": "100", "missing_lines": 0, "excluded_lines": 0}, "missing_lines": [], "excluded_lines": []}, "test_only_whitespace": {"executed_lines": [57], "summary": {"covered_lines": 1, "num_statements": 1, "percent_covered": 100.0, "percent_covered_display": "100", "missing_lines": 0, "excluded_lines": 0}, "missing_lines": [], "excluded_lines": []}, "test_unicode_emojis_preserved": {"executed_lines": [62, 63, 64], "summary": {"covered_lines": 3, "num_statements": 3, "percent_covered": 100.0, "percent_covered_display": "100", "missing_lines": 0, "excluded_lines": 0}, "missing_lines": [], "excluded_lines": []}, "test_no_pattern_matching_performed": {"executed_lines": [69, 70, 72, 73], "summary": {"covered_lines": 4, "num_statements": 4, "percent_covered": 100.0, "percent_covered_display": "100", "missing_lines": 0, "excluded_lines": 0}, "missing_lines": [], "excluded_lines": []}, "test_idempotent": {"executed_lines": [78, 79, 80, 81], "summary": {"covered_lines": 4, "num_statements": 4, "percent_covered": 100.0, "percent_covered_display": "100", "missing_lines": 0, "excluded_lines": 0}, "missing_lines": [], "excluded_lines": []}, "test_zwj_emoji_preserved": {"executed_lines": [86, 87, 88], "summary": {"covered_lines": 3, "num_statements": 3, "percent_covered": 100.0, "percent_covered_display": "100", "missing_lines": 0, "excluded_lines": 0}, "missing_lines": [], "excluded_lines": []}, "": {"executed_lines": [1, 12, 15, 22, 29, 36, 43, 50, 55, 60, 67, 76, 84], "summary": {"covered_lines": 12, "num_statements": 12, "percent_covered": 100.0, "percent_covered_display": "100", "missing_lines": 0, "excluded_lines": 0}, "missing_lines": [], "excluded_lines": []}}, "classes": {"": {"executed_lines": [1, 12, 15, 17, 18, 19, 22, 24, 25, 26, 29, 31, 32, 33, 36, 38, 39, 40, 43, 45, 46, 47, 50, 52, 55, 57, 60, 62, 63, 64, 67, 69, 70, 72, 73, 76, 78, 79, 80, 81, 84, 86, 87, 88], "summary": {"covered_lines": 43, "num_statements": 43, "percent_covered": 100.0, "percent_covered_display": "100", "missing_lines": 0, "excluded_lines": 0}, "missing_lines": [], "excluded_lines": []}}}, "tests/test_fr05.py": {"executed_lines": [1, 12, 17, 19, 20, 21, 22, 23, 26, 28, 29, 30, 31, 32,
[...]
nts": 3, "percent_covered": 100.0, "percent_covered_display": "100", "missing_lines": 0, "excluded_lines": 0}, "missing_lines": [], "excluded_lines": []}, "test_emotion_history_has_all_columns": {"executed_lines": [84, 85, 93, 94], "summary": {"covered_lines": 4, "num_statements": 4, "percent_covered": 100.0, "percent_covered_display": "100", "missing_lines": 0, "excluded_lines": 0}, "missing_lines": [], "excluded_lines": []}, "test_emotion_history_constraints": {"executed_lines": [99, 100, 101, 102, 103, 104, 105, 106], "summary": {"covered_lines": 8, "num_statements": 8, "percent_covered": 100.0, "percent_covered_display": "100", "missing_lines": 0, "excluded_lines": 0}, "missing_lines": [], "excluded_lines": []}, "test_edge_cases_has_all_columns": {"executed_lines": [114, 115, 124, 125], "summary": {"covered_lines": 4, "num_statements": 4, "percent_covered": 100.0, "percent_covered_display": "100", "missing_lines": 0, "excluded_lines": 0}, "missing_lines": [], "excluded_lines": []}, "test_edge_cases_constraints": {"executed_lines": [130, 131, 132, 133, 134], "summary": {"covered_lines": 5, "num_statements": 5, "percent_covered": 100.0, "percent_covered_display": "100", "missing_lines": 0, "excluded_lines": 0}, "missing_lines": [], "excluded_lines": []}, "test_get_phase2_schema_sql_returns_str": {"executed_lines": [142, 143, 144, 146, 147, 148], "summary": {"covered_lines": 6, "num_statements": 6, "percent_covered": 100.0, "percent_covered_display": "100", "missing_lines": 0, "excluded_lines": 0}, "missing_lines": [], "excluded_lines": []}, "": {"executed_lines": [1, 9, 11, 17, 22, 31, 37, 43, 52, 62, 72, 82, 97, 112, 128, 140], "summary": {"covered_lines": 15, "num_statements": 15, "percent_covered": 100.0, "percent_covered_display": "100", "missing_lines": 0, "excluded_lines": 0}, "missing_lines": [], "excluded_lines": []}}, "classes": {"": {"executed_lines": [1, 9, 11, 17, 19, 22, 24, 25, 31, 33, 34, 37, 39, 40, 43, 45, 46, 47, 48, 49, 52, 54, 55, 56, 62, 64, 65, 66, 67, 72, 74, 75, 76, 82, 84, 85, 93, 94, 97, 99, 100, 101, 102, 103, 104, 105, 106, 112, 114, 115, 124, 125, 128, 130, 131, 132, 133, 134, 140, 142, 143, 144, 146, 147, 148], "summary": {"covered_lines": 64, "num_statements": 64, "percent_covered": 100.0, "percent_covered_display": "100", "missing_lines": 0, "excluded_lines": 0}, "missing_lines": [], "excluded_lines": []}}}, "tests/test_fr24.py": {"executed_lines": [1, 8, 10, 11, 13, 15, 27, 28, 30, 35, 36, 37, 38, 40, 41, 42, 43, 45, 46, 47, 48, 50, 51, 52, 53, 56, 57, 59, 64, 66, 67, 68, 76, 78, 87, 88, 89, 90, 91, 92, 93, 96, 98, 99, 100, 108, 109, 111, 112, 113, 114, 115, 116, 119, 120, 122, 123, 124, 125, 126, 127, 128, 131, 132, 134, 135, 136, 137, 138, 139, 142, 143, 145, 151, 152, 153, 154, 155, 156, 157, 158, 159, 162, 163, 165, 166, 167, 168, 176, 178, 181, 183, 191, 192, 193, 194, 196, 197, 200, 202, 203, 204, 205, 206, 207, 208, 211, 213, 221, 222, 223, 225, 226, 227, 235, 237, 245, 246, 249, 251], "summary": {"covered_lines": 117, "num_statements": 117, "percent_covered": 100.0, "percent_covered_display": "100", "missing_lines": 0, "excluded_lines": 0}, "missing_lines": [], "excluded_lines": [], "functions": {"MockConnection.__init__": {"executed_lines": [35, 36, 37, 38], "summary": {"covered_lines": 4, "num_statements": 4, "percent_covered": 100.0, "percent_covered_display": "100", "missing_lines": 0, "excluded_lines": 0}, "missing_lines": [], "excluded_lines": []}, "MockConnection.fetchrow": {"executed_lines": [41, 42, 43], "summary": {"covered_lines": 3, "num_statements": 3, "percent_covered": 100.0, "percent_covered_display": "100", "missing_lines": 0, "excluded_lines": 0}, "missing_lines": [], "excluded_lines": []}, "MockConnection.fetch": {"executed_lines": [46, 47, 48], "summary": {"covered_lines": 3, "num_statements": 3, "percent_covered": 100.0, "percent_covered_display": "100", "missing_lines": 0, "excluded_lines": 0}, "missing_lines": [], "excluded_lines": []}, "MockConnection.execute": {"executed_lines": [51, 52, 53], "summary": {"covered_lines": 3, "num_statements": 3, "percent_covered": 100.0, "percent_covered_display": "100", "missing_lines": 0, "excluded_lines": 0}, "missing_lines": [], "excluded_lines": []}, "MockPool.__init__": {"executed_lines": [64], "summary": {"covered_lines": 1, "num_statements": 1, "percent_covered": 100.0, "percent_covered_display": "100", "missing_lines": 0, "excluded_lines": 0}, "missing_lines": [], "excluded_lines": []}, "MockPool.acquire": {"executed_lines": [68], "summary": {"covered_lines": 1, "num_statements": 1, "percent_covered": 100.0, "percent_covered_display": "100", "missing_lines": 0, "excluded_lines": 0}, "missing_lines": [], "excluded_lines": []}, "test_edge_case_fields": {"executed_lines": [78, 87, 88, 89, 90, 91, 92, 93], "summary": {"covered_lines": 8, "num_statements": 8, "percent_covered": 100.0, "percent_covered_display": "100", "missing_lines": 0, "excluded_lines": 0}, "missing_lines": [], "excluded_lines": []}, "test_edge_case_is_frozen": {"executed_lines": [98, 99, 100], "summary": {"covered_lines": 3, "num_statements": 3, "percent_covered": 100.0, "percent_covered_display": "100", "missing_lines": 0, "excluded_lines": 0}, "missing_lines": [], "excluded_lines": []}, "test_ingest_returns_id": {"executed_lines": [111, 112, 113, 114, 115, 116], "summary": {"covered_lines": 6, "num_statements": 6, "percent_covered": 100.0, "percent_covered_display": "100", "missing_lines": 0, "excluded_lines": 0}, "missing_lines": [], "excluded_lines": []}, "test_approve_updates_status": {"executed_lines": [122, 123, 124, 125, 126, 127, 128], "summary": {"covered_lines": 7, "num_statements": 7, "percent_covered": 100.0, "percent_covered_display": "100", "missing_lines": 0, "excluded_lines": 0}, "missing_lines": [], "excluded_lines": []}, "test_mark_for_regression": {"executed_lines": [134, 135, 136, 137, 138, 139], "summary": {"covered_lines": 6, "num_statements": 6, "percent_covered": 100.0, "percent_covered_display": "100", "missing_lines": 0, "excluded_lines": 0}, "missing_lines": [], "excluded_lines": []}, "test_get_regression_set_returns_approved": {"executed_lines": [145, 151, 152, 153, 154, 155, 156, 157, 158, 159], "summary": {"covered_lines": 10, "num_statements": 10, "percent_covered": 100.0, "percent_covered_display": "100", "missing_lines": 0, "excluded_lines": 0}, "missing_lines": [], "excluded_lines": []}, "test_get_regression_set_empty": {"executed_lines": [165, 166, 167, 168], "summary": {"covered_lines": 4, "num_statements": 4, "percent_covered": 100.0, "percent_covered_display": "100", "missing_lines": 0, "excluded_lines": 0}, "missing_lines": [], "excluded_lines": []}, "test_golden_dataset_has_500_plus_entries": {"executed_lines": [178], "summary": {"covered_lines": 1, "num_statements": 1, "percent_covered": 100.0, "percent_covered_display": "100", "missing_lines": 0, "excluded_lines": 0}, "missing_lines": [], "excluded_lines": []}, "test_each_category_has_50_plus_entries": {"executed_lines": [183, 191, 192, 193, 194, 196, 197], "summary": {"covered_lines": 7, "num_statements": 7, "percent_covered": 100.0, "percent_covered_display": "100", "missing_lines": 0, "excluded_lines": 0}, "missing_lines": [], "excluded_lines": []}, "test_each_entry_has_required_fields": {"executed_lines": [202, 203, 204, 205, 206, 207, 208], "summary": {"covered_lines": 7, "num_statements": 7, "percent_covered": 100.0, "percent_covered_display": "100", "missing_lines": 0, "excluded_lines": 0}, "missing_lines": [], "excluded_lines": []}, "test_category_distribution_even": {"executed_lines": [213, 221, 222, 223, 225, 226, 227], "summary": {"covered_lines": 7, "num_statements": 7, "percent_covered": 100.0, "percent_covered_display": "100", "missing_lines": 0, "excluded_lines": 0}, "missing_lines": [], "excluded_lines": []}, "test_get_category_identifies_all_categories": {"executed_lines": [237, 245, 246], "summary": {"covered_lines": 3, "num_statements": 3, "percent_covered": 100.0, "percent_covered_display": "100", "missing_lines": 0, "excluded_lines": 0}, "missing_lines": [], "excluded_lines": []}, "test_get_category_unknown": {"executed_lines": [251], "summary": {"covered_lines": 1, "num_statements": 1, "percent_covered": 100.0, "percent_covered_display": "100", "missing_lines": 0, "excluded_lines": 0}, "missing_lines": [], "excluded_lines": []}, "": {"executed_lines": [1, 8, 10, 11, 13, 15, 27, 28, 30, 40, 45, 50, 56, 57, 59, 66, 67, 76, 96, 108, 109, 119, 120, 131, 132, 142, 143, 162, 163, 176, 181, 200, 211, 235, 249], "summary": {"covered_lines": 32, "num_statements": 32, "percent_covered": 100.0, "percent_covered_display": "100", "missing_lines": 0, "excluded_lines": 0}, "missing_lines": [], "excluded_lines": []}}, "classes": {"MockConnection": {"executed_lines": [35, 36, 37, 38, 41, 42, 43, 46, 47, 48, 51, 52, 53], "summary": {"covered_lines": 13, "num_statements": 13, "percent_covered": 100.0, "percent_covered_display": "100", "missing_lines": 0, "excluded_lines": 0}, "missing_lines": [], "excluded_lines": []}, "MockPool": {"executed_lines": [64, 68], "summary": {"covered_lines": 2, "num_statements": 2, "percent_covered": 100.0, "percent_covered_display": "100", "missing_lines": 0, "excluded_lines": 0}, "missing_lines": [], "excluded_lines": []}, "": {"executed_lines": [1, 8, 10, 11, 13, 15, 27, 28, 30, 40, 45, 50, 56, 57, 59, 66, 67, 76, 78, 87, 88, 89, 90, 91, 92, 93, 96, 98, 99, 100, 108, 109, 111, 112, 113, 114, 115, 116, 119, 120, 122, 123, 124, 125, 126, 127, 128, 131, 132, 134, 135, 136, 137, 138, 139, 142, 143, 145, 151, 152, 153, 154, 155, 156, 157, 158, 159, 162, 163, 165, 166, 167, 168, 176, 178, 181, 183, 191, 192, 193, 194, 196, 197, 200, 202, 203, 204, 205, 206, 207, 208, 211, 213, 221, 222, 223, 225, 226, 227, 235, 237, 245, 246, 249, 251], "summary": {"covered_lines": 102, "num_statements": 102, "percent_covered": 100.0, "percent_covered_display": "100", "missing_lines": 0, "excluded_lines": 0}, "missing_lines": [], "excluded_lines": []}}}, "tests/test_performance.py": {"executed_lines": [1, 6, 8, 10, 11, 12, 13, 14, 15, 17, 20, 21, 23, 24, 27, 28, 31, 32, 33, 36, 37, 38, 43, 44, 46, 47, 50, 51, 54, 55, 60, 61, 63, 64, 65, 66, 67, 68, 70, 71, 72, 75, 76, 77, 80, 81, 82, 86, 87, 89, 90, 91, 94, 95, 96, 97, 98, 102, 103, 105, 106, 107, 108, 113, 114, 124, 125, 130, 134, 135, 136, 137, 141, 142, 144, 145, 152, 156, 157, 158, 159, 165], "summary": {"covered_lines": 75, "num_statements": 96, "percent_covered": 78.125, "percent_covered_display": "78", "missing_lines": 21, "excluded_lines": 0}, "missing_lines": [25, 29, 34, 39, 40, 48, 52, 56, 73, 78, 83, 92, 99, 109, 110, 111, 132, 138, 153, 154, 166], "excluded_lines": [], "functions": {"TestSanitizerBenchmark.test_sanitize_short_text": {"executed_lines": [24], "summary": {"covered_lines": 1, "num_statements": 2, "percent_covered": 50.0, "percent_covered_display": "50", "missing_lines": 1, "excluded_lines": 0}, "missing_lines": [25], "excluded_lines": []}, "TestSanitizerBenchmark.test_sanitize_unicode_emoji": {"executed_lines": [28], "summary": {"covered_lines": 1, "num_statements": 2, "percent_covered": 50.0, "percent_covered_display": "50", "missing_lines": 1, "excluded_lines": 0}, "missing_lines": [29], "excluded_lines": []}, "TestSanitizerBenchmark.test_sanitize_long_message": {"executed_lines": [32, 33], "summary": {"covered_lines": 2, "num_statements": 3, "percent_covered": 66.66666666666667, "percent_covered_display": "67", "missing_lines": 1, "excluded_lines": 0}, "missing_lines": [34], "excluded_lines": []}, "TestSanitizerBenchmark.test_sanitize_control_chars": {"executed_lines": [37, 38], "summary": {"covered_lines": 2, "num_statements": 4, "percent_covered": 50.0, "percent_covered_display": "50", "missing_lines": 2, "excluded_lines": 0}, "missing_lines": [39, 40], "excluded_lines": []}, "TestPIIBenchmark.test_mask_pii_phone": {"executed_lines": [47], "summary": {"covered_lines": 1, "num_statements": 2, "percent_covered": 50.0, "percent_covered_display": "50", "missing_lines": 1, "excluded_lines": 0}, "missing_lines": [48], "excluded_lines": []}, "TestPIIBenchmark.test_mask_pii_email": {"executed_lines": [51], "summary": {"covered_lines": 1, "num_statements": 2, "percent_covered": 50.0, "percent_covered_display": "50", "missing_lines": 1, "excluded_lines": 0}, "missing_lines": [52], "excluded_lines": []}, "TestPIIBenchmark.test_mask_pii_no_pii": {"executed_lines": [55], "summary": {"covered_lines": 1, "num_statements": 2, "percent_covered": 50.0, "percent_covered_display": "50", "missing_lines": 1, "excluded_lines": 0}, "missing_lines": [56], "excluded_lines": []}, "TestKnowledgeBenchmark._build_kb": {"executed_lines": [65, 66, 67, 68], "summary": {"covered_lines": 4, "num_statements": 4, "percent_covered": 100.0, "percent_covered_display": "100", "missing_lines": 0, "excluded_lines": 0}, "missing_lines": [], "excluded_lines": []}, "TestKnowledgeBenchmark.test_query_small_kb": {"executed_lines": [71, 72], "summary": {"covered_lines": 2, "num_statements": 3, "percent_covered": 66.66666666666667, "percent_covered_display": "67", "missing_lines": 1, "excluded_lines": 0}, "missing_lines": [73], "excluded_lines": []}, "TestKnowledgeBenchmark.test_query_medium_kb": {"executed_lines": [76, 77], "summary": {"covered_lines": 2, "num_statements": 3, "percent_covered": 66.66666666666667, "percent_covered_display": "67", "missing_lines": 1, "excluded_lines": 0}, "missing_lines": [78], "excluded_lines": []}, "TestKnowledgeBenchmark.test_query_no_match": {"executed_lines": [81, 82], "summary": {"covered_lines": 2, "num_statements": 3, "percent_covered": 66.66666666666667, "percent_covered_display": "67", "missing_lines": 1, "excluded_lines": 0}, "missing_lines": [83], "excluded_lines": []}, "TestRateLimiterBenchmark.test_token_bucket_consume": {"executed_lines": [90, 91], "summary": {"covered_lines": 2, "num_statements": 3, "percent_covered": 66.66666666666667, "percent_covered_display": "67", "missing_lines": 1, "excluded_lines": 0}, "missing_lines": [92], "excluded_lines": []}, "TestRateLimiterBenchmark.test_rate_limiter_allow": {"executed_lines": [95, 96, 98], "summary": {"covered_lines": 3, "num_statements": 4, "percent_covered": 75.0, "percent_covered_display": "75", "missing_lines": 1, "excluded_lines": 0}, "missing_lines": [99], "excluded_lines": []}, "TestRateLimiterBenchmark.test_rate_limiter_allow._allow": {"executed_lines": [97], "summary": {"covered_lines": 1, "num_statements": 1, "percent_covered": 100.0, "percent_covered_display": "100", "missing_lines": 0, "excluded_lines": 0}, "missing_lines": [], "excluded_lines": []}, "TestWebhookBenchmark.test_health_endpoint": {"executed_lines": [106, 108], "summary": {"covered_lines": 2, "num_statements": 5, "percent_covered": 40.0, "percent_covered_display": "40", "missing_lines": 3, "excluded_lines": 0}, "missing_lines": [109, 110, 111], "excluded_lines": []}, "TestWebhookBenchmark.test_health_endpoint._call": {"executed_lines": [107], "summary": {"covered_lines": 1, "num_statements": 1, "percent_covered": 100.0, "percent_covered_display": "100", "missing_lines": 0, "excluded_lines": 0}, "missing_lines": [], "excluded_lines": []}, "TestWebhookBenchmark.test_webhook_telegram_text": {"executed_lines": [114, 124, 130], "summary": {"covered_lines": 3, "num_statements": 4, "percent_covered": 75.0, "percent_covered_display": "75", "missing_lines": 1, "excluded_lines": 0}, "missing_lines": [132], "excluded_lines": []}, "TestWebhookBenchmark.test_webhook_telegram_text._call": {"executed_lines": [125], "summary": {"covered_lines": 1, "num_statements": 1, "percent_covered": 100.0, "percent_covered_display": "100", "missing_lines": 0, "excluded_lines": 0}, "missing_lines": [], "excluded_lines": []}, "TestWebhookBenchmark.test_webhook_unsupported_platform": {"executed_lines": [135, 137], "summary": {"covered_lines": 2, "num_statements": 3, "percent_covered": 66.66666666666667, "percent_covered_display": "67", "missing_lines": 1, "excluded_lines": 0}, "missing_lines": [138], "excluded_lines": []}, "TestWebhookBenchmark.test_webhook_unsupported_platform._call": {"executed_lines": [136], "summary": {"covered_lines": 1, "num_statements": 1, "percent_covered": 100.0, "percent_covered_display": "100", "missing_lines": 0, "excluded_lines": 0}, "missing_lines": [], "excluded_lines": []}, "TestSerializationBenchmark.test_to_json_dict": {"executed_lines": [145, 152], "summary": {"covered_lines": 2, "num_statements": 4, "percent_covered": 50.0, "percent_covered_display": "50", "missing_lines": 2, "excluded_lines": 0}, "missing_lines": [153, 154], "excluded_lines": []}, "TestSerializationBenchmark.test_response_serialization": {"executed_lines": [157, 158, 165], "summary": {"covered_lines": 3, "num_statements": 4, "percent_covered": 75.0, "percent_covered_display": "75", "missing_lines": 1, "excluded_lines": 0}, "missing_lines": [166], "excluded_lines": []}, "TestSerializationBenchmark.test_response_serialization._create": {"executed_lines": [159], "summary": {"covered_lines": 1, "num_statements": 1, "percent_covered": 100.0, "percent_covered_display": "100", "missing_lines": 0, "excluded_lines": 0}, "missing_lines": [], "excluded_lines": []}, "": {"executed_lines": [1, 6, 8, 10, 11, 12, 13, 14, 15, 17, 20, 21, 23, 27, 31, 36, 43, 44, 46, 50, 54, 60, 61, 63, 64, 70, 75, 80, 86, 87, 89, 94, 102, 103, 105, 113, 134, 141, 142, 144, 156], "summary": {"covered_lines": 34, "num_statements": 34, "percent_covered": 100.0, "percent_covered_display": "100", "missing_lines": 0, "excluded_lines": 0}, "missing_lines": [], "excluded_lines": []}}, "classes": {"TestSanitizerBenchmark": {"executed_lines": [24, 28, 32, 33, 37, 38], "summary": {"covered_lines": 6, "num_statements": 11, "percent_covered": 54.54545454545455, "percent_covered_display": "55", "missing_lines": 5, "excluded_lines": 0}, "missing_lines": [25, 29, 34, 39, 40], "excluded_lines": []}, "TestPIIBenchmark": {"executed_lines": [47, 51, 55], "summary": {"covered_lines": 3, "num_statements": 6, "percent_covered": 50.0, "percent_covered_display": "50", "missing_lines": 3, "excluded_lines": 0}, "missing_lines": [48, 52, 56], "excluded_lines": []}, "TestKnowledgeBenchmark": {"executed_lines": [65, 66, 67, 68, 71, 72, 76, 77, 81, 82], "summary": {"covered_lines": 10, "num_statements": 13, "percent_covered": 76.92307692307692, "percent_covered_display": "77", "missing_lines": 3, "excluded_lines": 0}, "missing_lines": [73, 78, 83], "excluded_lines": []}, "TestRateLimiterBenchmark": {"executed_lines": [90, 91, 95, 96, 97, 98], "summary": {"covered_lines": 6, "num_statements": 8, "percent_covered": 75.0, "percent_covered_display": "75", "missing_lines": 2, "excluded_lines": 0}, "missing_lines": [92, 99], "excluded_lines": []}, "TestWebhookBenchmark": {"executed_lines": [106, 107, 108, 114, 124, 125, 130, 135, 136, 137], "summary": {"covered_lines": 10, "num_statements": 15, "percent_covered": 66.66666666666667, "percent_covered_display": "67", "missing_lines": 5, "excluded_lines": 0}, "missing_lines": [109, 110, 111, 132, 138], "excluded_lines": []}, "TestSerializationBenchmark": {"executed_lines": [145, 152, 157, 158, 159, 165], "summary": {"covered_lines": 6, "num_statements": 9, "percent_covered": 66.66666666666667, "percent_covered_display": "67", "missing_lines": 3, "excluded_lines": 0}, "missing_lines": [153, 154, 166], "excluded_lines": []}, "": {"executed_lines": [1, 6, 8, 10, 11, 12, 13, 14, 15, 17, 20, 21, 23, 27, 31, 36, 43, 44, 46, 50, 54, 60, 61, 63, 64, 70, 75, 80, 86, 87, 89, 94, 102, 103, 105, 113, 134, 141, 142, 144, 156], "summary": {"covered_lines": 34, "num_statements": 34, "percent_covered": 100.0, "percent_covered_display": "100", "missing_lines": 0, "excluded_lines": 0}, "missing_lines": [], "excluded_lines": []}}}}, "totals": {"covered_lines": 3295, "num_statements": 3350, "percent_covered": 98.35820895522389, "percent_covered_display": "98", "missing_lines": 55, "excluded_lines": 1}}